<?xml version="1.0" encoding="UTF-8"?>
<!-- Generated by org.testng.reporters.JUnitReportReporter -->
<testsuite name="KeywordDrivenFramework.KeywordDrivenFramework.NITICCreateQuoteTest" tests="6" time="33.516" ignored="0" failures="0" timestamp="15 Dec 2017 10:06:12 GMT" skipped="0" hostname="C1128" errors="0">
  <testcase name="createQuote" time="0.001" classname="KeywordDrivenFramework.KeywordDrivenFramework.NITICCreateQuoteTest"/>
  <testcase name="Login" time="16.654" classname="KeywordDrivenFramework.KeywordDrivenFramework.NITICCreateQuoteTest"/>
  <testcase name="createQuote" time="0.001" classname="KeywordDrivenFramework.KeywordDrivenFramework.NITICCreateQuoteTest"/>
  <testcase name="Login" time="16.860" classname="KeywordDrivenFramework.KeywordDrivenFramework.NITICCreateQuoteTest"/>
  <testcase name="createQuote" time="0.000" classname="KeywordDrivenFramework.KeywordDrivenFramework.NITICCreateQuoteTest"/>
  <testcase name="createQuote" time="0.000" classname="KeywordDrivenFramework.KeywordDrivenFramework.NITICCreateQuoteTest"/>
</testsuite> <!-- KeywordDrivenFramework.KeywordDrivenFramework.NITICCreateQuoteTest -->
