<?xml version="1.0" encoding="UTF-8"?>
<!-- Generated by org.testng.reporters.JUnitReportReporter -->
<testsuite name="PojoCases.OpenBrowser" tests="1" time="0.007" ignored="0" failures="0" timestamp="17 Jan 2018 06:41:24 GMT" skipped="0" hostname="C1128" errors="0">
  <testcase name="Hello" time="0.007" classname="PojoCases.OpenBrowser"/>
</testsuite> <!-- PojoCases.OpenBrowser -->
