<?xml version="1.0" encoding="UTF-8"?>
<!-- Generated by org.testng.reporters.JUnitReportReporter -->
<testsuite name="selenide.LoginSelenide" tests="1" time="9.859" ignored="0" failures="0" timestamp="30 Jan 2018 10:36:22 GMT" skipped="0" hostname="C1128" errors="0">
  <testcase name="login" time="9.859" classname="selenide.LoginSelenide"/>
</testsuite> <!-- selenide.LoginSelenide -->
