<?xml version="1.0" encoding="UTF-8"?>
<!-- Generated by org.testng.reporters.JUnitReportReporter -->
<testsuite name="KeywordDrivenFramework.KeywordDrivenFramework.NITICCreateQuoteTest" tests="5" time="101.835" ignored="0" failures="0" timestamp="27 Dec 2017 13:22:48 GMT" skipped="0" hostname="C1128" errors="1">
  <testcase name="Login" time="13.926" classname="KeywordDrivenFramework.KeywordDrivenFramework.NITICCreateQuoteTest"/>
  <testcase name="createQuote" time="0.487" classname="KeywordDrivenFramework.KeywordDrivenFramework.NITICCreateQuoteTest">
    <error type="org.openqa.selenium.WebDriverException" message="unknown error: Element &lt;input id=&quot;j_idt105&quot; type=&quot;image&quot; src=&quot;/NITIC/javax.faces.resource/images/NITIC/nitic_truckers.png.xhtml&quot; name=&quot;j_idt105&quot; onclick=&quot;jsf.util.chain(this,event,&#039;PF(\&#039;BusinessSubTypePopup\&#039;).show()&#039;,&#039;PrimeFaces.ab({s:this,e:\&#039;action\&#039;,p:\&#039;j_idt105\&#039;,u:\&#039;businessSubTypeForm\&#039;});&#039;);return false&quot;&gt; is not clickable at point (975, 308). Other element would receive the click: &lt;div id=&quot;j_idt106_modal&quot; class=&quot;ui-widget-overlay&quot; style=&quot;width: 1920px; height: 1169px; z-index: 1000;&quot;&gt;&lt;/div&gt;
  (Session info: chrome=63.0.3239.84)
  (Driver info: chromedriver=2.33.506120 (e3e53437346286c0bc2d2dc9aa4915ba81d9023f),platform=Windows NT 6.1.7601 SP1 x86_64) (WARNING: The server did not provide any stacktrace information)
Command duration or timeout: 129 milliseconds
Build info: version: &#039;3.0.1&#039;, revision: &#039;1969d75&#039;, time: &#039;2016-10-18 09:49:13 -0700&#039;
System info: host: &#039;C1128&#039;, ip: &#039;192.168.4.131&#039;, os.name: &#039;Windows 7&#039;, os.arch: &#039;amd64&#039;, os.version: &#039;6.1&#039;, java.version: &#039;1.8.0_73&#039;
Driver info: org.openqa.selenium.chrome.ChromeDriver
Capabilities [{applicationCacheEnabled=false, rotatable=false, mobileEmulationEnabled=false, networkConnectionEnabled=false, chrome={chromedriverVersion=2.33.506120 (e3e53437346286c0bc2d2dc9aa4915ba81d9023f), userDataDir=C:\Users\SASIRE~1.SOL\AppData\Local\Temp\scoped_dir13692_1799}, takesHeapSnapshot=true, pageLoadStrategy=normal, databaseEnabled=false, handlesAlerts=true, hasTouchScreen=false, version=63.0.3239.84, platform=XP, browserConnectionEnabled=false, nativeEvents=true, acceptSslCerts=true, locationContextEnabled=true, webStorageEnabled=true, browserName=chrome, takesScreenshot=true, javascriptEnabled=true, cssSelectorsEnabled=true, setWindowRect=true, unexpectedAlertBehaviour=}]
Session ID: 3c27a482ec3c051f923513d473e4749d">
      <![CDATA[org.openqa.selenium.WebDriverException: unknown error: Element <input id="j_idt105" type="image" src="/NITIC/javax.faces.resource/images/NITIC/nitic_truckers.png.xhtml" name="j_idt105" onclick="jsf.util.chain(this,event,'PF(\'BusinessSubTypePopup\').show()','PrimeFaces.ab({s:this,e:\'action\',p:\'j_idt105\',u:\'businessSubTypeForm\'});');return false"> is not clickable at point (975, 308). Other element would receive the click: <div id="j_idt106_modal" class="ui-widget-overlay" style="width: 1920px; height: 1169px; z-index: 1000;"></div>
  (Session info: chrome=63.0.3239.84)
  (Driver info: chromedriver=2.33.506120 (e3e53437346286c0bc2d2dc9aa4915ba81d9023f),platform=Windows NT 6.1.7601 SP1 x86_64) (WARNING: The server did not provide any stacktrace information)
Command duration or timeout: 129 milliseconds
Build info: version: '3.0.1', revision: '1969d75', time: '2016-10-18 09:49:13 -0700'
System info: host: 'C1128', ip: '192.168.4.131', os.name: 'Windows 7', os.arch: 'amd64', os.version: '6.1', java.version: '1.8.0_73'
Driver info: org.openqa.selenium.chrome.ChromeDriver
Capabilities [{applicationCacheEnabled=false, rotatable=false, mobileEmulationEnabled=false, networkConnectionEnabled=false, chrome={chromedriverVersion=2.33.506120 (e3e53437346286c0bc2d2dc9aa4915ba81d9023f), userDataDir=C:\Users\SASIRE~1.SOL\AppData\Local\Temp\scoped_dir13692_1799}, takesHeapSnapshot=true, pageLoadStrategy=normal, databaseEnabled=false, handlesAlerts=true, hasTouchScreen=false, version=63.0.3239.84, platform=XP, browserConnectionEnabled=false, nativeEvents=true, acceptSslCerts=true, locationContextEnabled=true, webStorageEnabled=true, browserName=chrome, takesScreenshot=true, javascriptEnabled=true, cssSelectorsEnabled=true, setWindowRect=true, unexpectedAlertBehaviour=}]
Session ID: 3c27a482ec3c051f923513d473e4749d
	at sun.reflect.NativeConstructorAccessorImpl.newInstance0(Native Method)
	at sun.reflect.NativeConstructorAccessorImpl.newInstance(NativeConstructorAccessorImpl.java:62)
	at sun.reflect.DelegatingConstructorAccessorImpl.newInstance(DelegatingConstructorAccessorImpl.java:45)
	at java.lang.reflect.Constructor.newInstance(Constructor.java:422)
	at org.openqa.selenium.remote.ErrorHandler.createThrowable(ErrorHandler.java:216)
	at org.openqa.selenium.remote.ErrorHandler.throwIfResponseFailed(ErrorHandler.java:168)
	at org.openqa.selenium.remote.RemoteWebDriver.execute(RemoteWebDriver.java:635)
	at org.openqa.selenium.remote.RemoteWebElement.execute(RemoteWebElement.java:274)
	at org.openqa.selenium.remote.RemoteWebElement.click(RemoteWebElement.java:84)
	at sun.reflect.NativeMethodAccessorImpl.invoke0(Native Method)
	at sun.reflect.NativeMethodAccessorImpl.invoke(NativeMethodAccessorImpl.java:62)
	at sun.reflect.DelegatingMethodAccessorImpl.invoke(DelegatingMethodAccessorImpl.java:43)
	at java.lang.reflect.Method.invoke(Method.java:497)
	at org.openqa.selenium.support.pagefactory.internal.LocatingElementHandler.invoke(LocatingElementHandler.java:51)
	at com.sun.proxy.$Proxy10.click(Unknown Source)
	at NITICPOM.HomePage.ClickTruckersInsurance(HomePage.java:62)
	at KeywordDrivenFramework.KeywordDrivenFramework.NITICCreateQuoteTest.createQuote(NITICCreateQuoteTest.java:84)
	at sun.reflect.NativeMethodAccessorImpl.invoke0(Native Method)
	at sun.reflect.NativeMethodAccessorImpl.invoke(NativeMethodAccessorImpl.java:62)
	at sun.reflect.DelegatingMethodAccessorImpl.invoke(DelegatingMethodAccessorImpl.java:43)
	at java.lang.reflect.Method.invoke(Method.java:497)
	at org.testng.internal.MethodInvocationHelper.invokeMethod(MethodInvocationHelper.java:104)
	at org.testng.internal.Invoker.invokeMethod(Invoker.java:645)
	at org.testng.internal.Invoker.invokeTestMethod(Invoker.java:851)
	at org.testng.internal.TestMethodWithDataProviderMethodWorker.call(TestMethodWithDataProviderMethodWorker.java:75)
	at org.testng.internal.TestMethodWithDataProviderMethodWorker.call(TestMethodWithDataProviderMethodWorker.java:14)
	at java.util.concurrent.FutureTask.run(FutureTask.java:266)
	at java.util.concurrent.Executors$RunnableAdapter.call(Executors.java:511)
	at java.util.concurrent.FutureTask.run(FutureTask.java:266)
	at java.util.concurrent.ThreadPoolExecutor.runWorker(ThreadPoolExecutor.java:1142)
	at java.util.concurrent.ThreadPoolExecutor$Worker.run(ThreadPoolExecutor.java:617)
	at java.lang.Thread.run(Thread.java:745)
]]>
    </error>
  </testcase> <!-- createQuote -->
  <testcase name="createQuote" time="0.002" classname="KeywordDrivenFramework.KeywordDrivenFramework.NITICCreateQuoteTest"/>
  <testcase name="createQuote" time="87.418" classname="KeywordDrivenFramework.KeywordDrivenFramework.NITICCreateQuoteTest"/>
  <testcase name="createQuote" time="0.002" classname="KeywordDrivenFramework.KeywordDrivenFramework.NITICCreateQuoteTest"/>
</testsuite> <!-- KeywordDrivenFramework.KeywordDrivenFramework.NITICCreateQuoteTest -->
