<?xml version="1.0" encoding="UTF-8"?>
<!-- Generated by org.testng.reporters.JUnitReportReporter -->
<testsuite name="com.selenium.Test.UIMainscript" tests="2" time="8.174" ignored="0" failures="0" timestamp="10 Nov 2017 06:49:52 GMT" skipped="0" hostname="C1128" errors="0">
  <testcase name="Login" time="4.372" classname="com.selenium.Test.UIMainscript"/>
  <testcase name="Login" time="3.802" classname="com.selenium.Test.UIMainscript"/>
</testsuite> <!-- com.selenium.Test.UIMainscript -->
