<?xml version="1.0" encoding="UTF-8"?>
<!-- Generated by org.testng.reporters.JUnitReportReporter -->
<testsuite name="CucumberRunnerClass.RunCucumber" tests="1" time="0.008" ignored="0" failures="0" timestamp="27 Feb 2018 10:51:24 GMT" skipped="0" hostname="C1128" errors="0">
  <testcase name="feature" time="0.008" classname="CucumberRunnerClass.RunCucumber"/>
</testsuite> <!-- CucumberRunnerClass.RunCucumber -->
