<?xml version="1.0" encoding="UTF-8"?>
<!-- Generated by org.testng.reporters.JUnitReportReporter -->
<testsuite name="KeywordDrivenFramework.KeywordDrivenFramework.OpenBrowser" tests="1" time="0.010" ignored="0" failures="0" timestamp="17 Jan 2018 06:26:57 GMT" skipped="0" hostname="C1128" errors="0">
  <testcase name="Hello" time="0.010" classname="KeywordDrivenFramework.KeywordDrivenFramework.OpenBrowser"/>
</testsuite> <!-- KeywordDrivenFramework.KeywordDrivenFramework.OpenBrowser -->
