<?xml version="1.0" encoding="UTF-8"?>
<!-- Generated by org.testng.reporters.JUnitReportReporter -->
<testsuite name="com.selenium.Test.NITICSuite" tests="3" time="13.512" ignored="0" failures="0" timestamp="17 Nov 2017 13:24:51 GMT" skipped="0" hostname="C1128" errors="0">
  <testcase name="TestCase1" time="0.017" classname="com.selenium.Test.NITICSuite"/>
  <testcase name="TestCase1" time="0.005" classname="com.selenium.Test.NITICSuite"/>
  <testcase name="Login" time="13.490" classname="com.selenium.Test.NITICSuite"/>
</testsuite> <!-- com.selenium.Test.NITICSuite -->
