<?xml version="1.0" encoding="UTF-8"?>
<!-- Generated by org.testng.reporters.JUnitReportReporter -->
<testsuite name="com.selenium.Test.uploadTest" tests="1" time="13.274" ignored="0" failures="0" timestamp="27 Dec 2017 13:09:52 GMT" skipped="0" hostname="C1128" errors="0">
  <testcase name="upload" time="13.274" classname="com.selenium.Test.uploadTest"/>
</testsuite> <!-- com.selenium.Test.uploadTest -->
