<?xml version="1.0" encoding="UTF-8"?>
<!-- Generated by org.testng.reporters.JUnitReportReporter -->
<testsuite name="com.selenium.Test.UIMainscript" tests="824" time="33.026" ignored="0" failures="0" timestamp="14 Nov 2017 13:53:07 GMT" skipped="0" hostname="C1128" errors="4">
  <testcase name="UITest" time="0.007" classname="com.selenium.Test.UIMainscript"/>
  <testcase name="UITest" time="0.004" classname="com.selenium.Test.UIMainscript"/>
  <testcase name="UITest" time="0.003" classname="com.selenium.Test.UIMainscript"/>
  <testcase name="UITest" time="0.004" classname="com.selenium.Test.UIMainscript"/>
  <testcase name="UITest" time="0.004" classname="com.selenium.Test.UIMainscript"/>
  <testcase name="UITest" time="0.003" classname="com.selenium.Test.UIMainscript"/>
  <testcase name="UITest" time="0.008" classname="com.selenium.Test.UIMainscript"/>
  <testcase name="UITest" time="0.005" classname="com.selenium.Test.UIMainscript"/>
  <testcase name="UITest" time="0.003" classname="com.selenium.Test.UIMainscript"/>
  <testcase name="UITest" time="0.003" classname="com.selenium.Test.UIMainscript"/>
  <testcase name="UITest" time="0.005" classname="com.selenium.Test.UIMainscript"/>
  <testcase name="UITest" time="0.004" classname="com.selenium.Test.UIMainscript"/>
  <testcase name="UITest" time="0.004" classname="com.selenium.Test.UIMainscript"/>
  <testcase name="UITest" time="0.008" classname="com.selenium.Test.UIMainscript"/>
  <testcase name="UITest" time="0.008" classname="com.selenium.Test.UIMainscript"/>
  <testcase name="UITest" time="0.003" classname="com.selenium.Test.UIMainscript"/>
  <testcase name="UITest" time="0.007" classname="com.selenium.Test.UIMainscript"/>
  <testcase name="UITest" time="0.006" classname="com.selenium.Test.UIMainscript"/>
  <testcase name="UITest" time="0.005" classname="com.selenium.Test.UIMainscript"/>
  <testcase name="UITest" time="0.004" classname="com.selenium.Test.UIMainscript"/>
  <testcase name="UITest" time="0.004" classname="com.selenium.Test.UIMainscript"/>
  <testcase name="UITest" time="0.007" classname="com.selenium.Test.UIMainscript"/>
  <testcase name="UITest" time="0.008" classname="com.selenium.Test.UIMainscript"/>
  <testcase name="UITest" time="0.004" classname="com.selenium.Test.UIMainscript"/>
  <testcase name="UITest" time="0.005" classname="com.selenium.Test.UIMainscript"/>
  <testcase name="UITest" time="0.003" classname="com.selenium.Test.UIMainscript"/>
  <testcase name="UITest" time="0.008" classname="com.selenium.Test.UIMainscript"/>
  <testcase name="UITest" time="0.004" classname="com.selenium.Test.UIMainscript"/>
  <testcase name="UITest" time="0.003" classname="com.selenium.Test.UIMainscript"/>
  <testcase name="UITest" time="0.007" classname="com.selenium.Test.UIMainscript"/>
  <testcase name="UITest" time="0.009" classname="com.selenium.Test.UIMainscript"/>
  <testcase name="UITest" time="0.003" classname="com.selenium.Test.UIMainscript"/>
  <testcase name="UITest" time="0.007" classname="com.selenium.Test.UIMainscript"/>
  <testcase name="UITest" time="0.006" classname="com.selenium.Test.UIMainscript"/>
  <testcase name="UITest" time="0.005" classname="com.selenium.Test.UIMainscript"/>
  <testcase name="UITest" time="0.005" classname="com.selenium.Test.UIMainscript"/>
  <testcase name="UITest" time="0.005" classname="com.selenium.Test.UIMainscript"/>
  <testcase name="UITest" time="0.006" classname="com.selenium.Test.UIMainscript"/>
  <testcase name="UITest" time="0.005" classname="com.selenium.Test.UIMainscript"/>
  <testcase name="UITest" time="0.006" classname="com.selenium.Test.UIMainscript"/>
  <testcase name="UITest" time="0.004" classname="com.selenium.Test.UIMainscript"/>
  <testcase name="UITest" time="0.004" classname="com.selenium.Test.UIMainscript"/>
  <testcase name="UITest" time="0.004" classname="com.selenium.Test.UIMainscript"/>
  <testcase name="UITest" time="0.005" classname="com.selenium.Test.UIMainscript"/>
  <testcase name="UITest" time="0.003" classname="com.selenium.Test.UIMainscript"/>
  <testcase name="UITest" time="0.004" classname="com.selenium.Test.UIMainscript"/>
  <testcase name="UITest" time="0.003" classname="com.selenium.Test.UIMainscript"/>
  <testcase name="UITest" time="0.003" classname="com.selenium.Test.UIMainscript"/>
  <testcase name="UITest" time="0.003" classname="com.selenium.Test.UIMainscript"/>
  <testcase name="UITest" time="0.010" classname="com.selenium.Test.UIMainscript"/>
  <testcase name="UITest" time="0.005" classname="com.selenium.Test.UIMainscript"/>
  <testcase name="UITest" time="0.004" classname="com.selenium.Test.UIMainscript"/>
  <testcase name="UITest" time="0.003" classname="com.selenium.Test.UIMainscript"/>
  <testcase name="UITest" time="0.004" classname="com.selenium.Test.UIMainscript"/>
  <testcase name="UITest" time="0.006" classname="com.selenium.Test.UIMainscript"/>
  <testcase name="UITest" time="0.003" classname="com.selenium.Test.UIMainscript"/>
  <testcase name="UITest" time="0.006" classname="com.selenium.Test.UIMainscript"/>
  <testcase name="UITest" time="0.003" classname="com.selenium.Test.UIMainscript"/>
  <testcase name="UITest" time="0.003" classname="com.selenium.Test.UIMainscript"/>
  <testcase name="UITest" time="0.004" classname="com.selenium.Test.UIMainscript"/>
  <testcase name="UITest" time="0.009" classname="com.selenium.Test.UIMainscript"/>
  <testcase name="UITest" time="0.003" classname="com.selenium.Test.UIMainscript"/>
  <testcase name="UITest" time="0.013" classname="com.selenium.Test.UIMainscript"/>
  <testcase name="UITest" time="0.003" classname="com.selenium.Test.UIMainscript"/>
  <testcase name="UITest" time="0.004" classname="com.selenium.Test.UIMainscript"/>
  <testcase name="UITest" time="0.006" classname="com.selenium.Test.UIMainscript"/>
  <testcase name="UITest" time="0.004" classname="com.selenium.Test.UIMainscript"/>
  <testcase name="UITest" time="0.003" classname="com.selenium.Test.UIMainscript"/>
  <testcase name="UITest" time="0.004" classname="com.selenium.Test.UIMainscript"/>
  <testcase name="UITest" time="0.005" classname="com.selenium.Test.UIMainscript"/>
  <testcase name="UITest" time="0.016" classname="com.selenium.Test.UIMainscript"/>
  <testcase name="UITest" time="0.003" classname="com.selenium.Test.UIMainscript"/>
  <testcase name="UITest" time="0.005" classname="com.selenium.Test.UIMainscript"/>
  <testcase name="UITest" time="0.009" classname="com.selenium.Test.UIMainscript"/>
  <testcase name="UITest" time="0.005" classname="com.selenium.Test.UIMainscript"/>
  <testcase name="UITest" time="0.004" classname="com.selenium.Test.UIMainscript"/>
  <testcase name="UITest" time="0.005" classname="com.selenium.Test.UIMainscript"/>
  <testcase name="UITest" time="0.005" classname="com.selenium.Test.UIMainscript"/>
  <testcase name="UITest" time="0.004" classname="com.selenium.Test.UIMainscript"/>
  <testcase name="UITest" time="0.003" classname="com.selenium.Test.UIMainscript"/>
  <testcase name="UITest" time="0.003" classname="com.selenium.Test.UIMainscript"/>
  <testcase name="UITest" time="0.001" classname="com.selenium.Test.UIMainscript">
    <error type="java.lang.NullPointerException">
      <![CDATA[java.lang.NullPointerException
	at com.selenium.DriverPackage.BaseDriverScript.executeTestScript(BaseDriverScript.java:100)
	at com.selenium.Test.UIMainscript.UITest(UIMainscript.java:104)
	at sun.reflect.NativeMethodAccessorImpl.invoke0(Native Method)
	at sun.reflect.NativeMethodAccessorImpl.invoke(NativeMethodAccessorImpl.java:62)
	at sun.reflect.DelegatingMethodAccessorImpl.invoke(DelegatingMethodAccessorImpl.java:43)
	at java.lang.reflect.Method.invoke(Method.java:497)
	at org.testng.internal.MethodInvocationHelper.invokeMethod(MethodInvocationHelper.java:104)
	at org.testng.internal.Invoker.invokeMethod(Invoker.java:645)
	at org.testng.internal.Invoker.invokeTestMethod(Invoker.java:851)
	at org.testng.internal.Invoker.invokeTestMethods(Invoker.java:1177)
	at org.testng.internal.TestMethodWorker.invokeTestMethods(TestMethodWorker.java:129)
	at org.testng.internal.TestMethodWorker.run(TestMethodWorker.java:112)
	at org.testng.TestRunner.privateRun(TestRunner.java:756)
	at org.testng.TestRunner.run(TestRunner.java:610)
	at org.testng.SuiteRunner.runTest(SuiteRunner.java:387)
	at org.testng.SuiteRunner.access$000(SuiteRunner.java:39)
	at org.testng.SuiteRunner$SuiteWorker.run(SuiteRunner.java:421)
	at org.testng.internal.thread.ThreadUtil$2.call(ThreadUtil.java:64)
	at java.util.concurrent.FutureTask.run(FutureTask.java:266)
	at java.util.concurrent.ThreadPoolExecutor.runWorker(ThreadPoolExecutor.java:1142)
	at java.util.concurrent.ThreadPoolExecutor$Worker.run(ThreadPoolExecutor.java:617)
	at java.lang.Thread.run(Thread.java:745)
]]>
    </error>
  </testcase> <!-- UITest -->
  <testcase name="UITest" time="0.006" classname="com.selenium.Test.UIMainscript"/>
  <testcase name="UITest" time="0.004" classname="com.selenium.Test.UIMainscript"/>
  <testcase name="UITest" time="0.006" classname="com.selenium.Test.UIMainscript"/>
  <testcase name="UITest" time="0.005" classname="com.selenium.Test.UIMainscript"/>
  <testcase name="UITest" time="0.004" classname="com.selenium.Test.UIMainscript"/>
  <testcase name="UITest" time="0.003" classname="com.selenium.Test.UIMainscript"/>
  <testcase name="UITest" time="0.003" classname="com.selenium.Test.UIMainscript"/>
  <testcase name="UITest" time="0.004" classname="com.selenium.Test.UIMainscript"/>
  <testcase name="UITest" time="0.004" classname="com.selenium.Test.UIMainscript"/>
  <testcase name="UITest" time="0.006" classname="com.selenium.Test.UIMainscript"/>
  <testcase name="UITest" time="0.003" classname="com.selenium.Test.UIMainscript"/>
  <testcase name="UITest" time="0.004" classname="com.selenium.Test.UIMainscript"/>
  <testcase name="UITest" time="0.003" classname="com.selenium.Test.UIMainscript"/>
  <testcase name="UITest" time="0.017" classname="com.selenium.Test.UIMainscript"/>
  <testcase name="UITest" time="0.004" classname="com.selenium.Test.UIMainscript"/>
  <testcase name="UITest" time="0.004" classname="com.selenium.Test.UIMainscript"/>
  <testcase name="UITest" time="0.011" classname="com.selenium.Test.UIMainscript"/>
  <testcase name="UITest" time="0.003" classname="com.selenium.Test.UIMainscript"/>
  <testcase name="UITest" time="0.005" classname="com.selenium.Test.UIMainscript"/>
  <testcase name="UITest" time="0.008" classname="com.selenium.Test.UIMainscript"/>
  <testcase name="UITest" time="0.009" classname="com.selenium.Test.UIMainscript"/>
  <testcase name="UITest" time="0.005" classname="com.selenium.Test.UIMainscript"/>
  <testcase name="UITest" time="0.003" classname="com.selenium.Test.UIMainscript"/>
  <testcase name="UITest" time="0.003" classname="com.selenium.Test.UIMainscript"/>
  <testcase name="UITest" time="0.004" classname="com.selenium.Test.UIMainscript"/>
  <testcase name="UITest" time="0.004" classname="com.selenium.Test.UIMainscript"/>
  <testcase name="UITest" time="0.004" classname="com.selenium.Test.UIMainscript"/>
  <testcase name="UITest" time="0.006" classname="com.selenium.Test.UIMainscript"/>
  <testcase name="UITest" time="0.005" classname="com.selenium.Test.UIMainscript"/>
  <testcase name="UITest" time="0.014" classname="com.selenium.Test.UIMainscript"/>
  <testcase name="UITest" time="0.004" classname="com.selenium.Test.UIMainscript"/>
  <testcase name="UITest" time="0.003" classname="com.selenium.Test.UIMainscript"/>
  <testcase name="UITest" time="0.005" classname="com.selenium.Test.UIMainscript"/>
  <testcase name="UITest" time="0.003" classname="com.selenium.Test.UIMainscript"/>
  <testcase name="UITest" time="0.004" classname="com.selenium.Test.UIMainscript"/>
  <testcase name="UITest" time="0.007" classname="com.selenium.Test.UIMainscript"/>
  <testcase name="UITest" time="0.006" classname="com.selenium.Test.UIMainscript"/>
  <testcase name="UITest" time="0.004" classname="com.selenium.Test.UIMainscript"/>
  <testcase name="UITest" time="0.004" classname="com.selenium.Test.UIMainscript"/>
  <testcase name="UITest" time="0.005" classname="com.selenium.Test.UIMainscript"/>
  <testcase name="UITest" time="0.006" classname="com.selenium.Test.UIMainscript"/>
  <testcase name="UITest" time="0.004" classname="com.selenium.Test.UIMainscript"/>
  <testcase name="UITest" time="0.003" classname="com.selenium.Test.UIMainscript"/>
  <testcase name="UITest" time="0.003" classname="com.selenium.Test.UIMainscript"/>
  <testcase name="UITest" time="0.007" classname="com.selenium.Test.UIMainscript"/>
  <testcase name="UITest" time="0.010" classname="com.selenium.Test.UIMainscript"/>
  <testcase name="UITest" time="0.009" classname="com.selenium.Test.UIMainscript"/>
  <testcase name="UITest" time="0.005" classname="com.selenium.Test.UIMainscript"/>
  <testcase name="UITest" time="0.005" classname="com.selenium.Test.UIMainscript"/>
  <testcase name="UITest" time="0.003" classname="com.selenium.Test.UIMainscript"/>
  <testcase name="UITest" time="0.003" classname="com.selenium.Test.UIMainscript"/>
  <testcase name="UITest" time="0.004" classname="com.selenium.Test.UIMainscript"/>
  <testcase name="UITest" time="0.008" classname="com.selenium.Test.UIMainscript"/>
  <testcase name="UITest" time="0.004" classname="com.selenium.Test.UIMainscript"/>
  <testcase name="UITest" time="0.004" classname="com.selenium.Test.UIMainscript"/>
  <testcase name="UITest" time="0.004" classname="com.selenium.Test.UIMainscript"/>
  <testcase name="UITest" time="0.005" classname="com.selenium.Test.UIMainscript"/>
  <testcase name="UITest" time="0.004" classname="com.selenium.Test.UIMainscript"/>
  <testcase name="UITest" time="0.004" classname="com.selenium.Test.UIMainscript"/>
  <testcase name="UITest" time="0.004" classname="com.selenium.Test.UIMainscript"/>
  <testcase name="UITest" time="0.004" classname="com.selenium.Test.UIMainscript"/>
  <testcase name="UITest" time="0.005" classname="com.selenium.Test.UIMainscript"/>
  <testcase name="UITest" time="0.003" classname="com.selenium.Test.UIMainscript"/>
  <testcase name="UITest" time="0.008" classname="com.selenium.Test.UIMainscript"/>
  <testcase name="UITest" time="0.004" classname="com.selenium.Test.UIMainscript"/>
  <testcase name="UITest" time="0.004" classname="com.selenium.Test.UIMainscript"/>
  <testcase name="UITest" time="0.003" classname="com.selenium.Test.UIMainscript"/>
  <testcase name="UITest" time="0.004" classname="com.selenium.Test.UIMainscript"/>
  <testcase name="UITest" time="0.006" classname="com.selenium.Test.UIMainscript"/>
  <testcase name="UITest" time="0.007" classname="com.selenium.Test.UIMainscript"/>
  <testcase name="UITest" time="0.004" classname="com.selenium.Test.UIMainscript"/>
  <testcase name="UITest" time="0.003" classname="com.selenium.Test.UIMainscript"/>
  <testcase name="UITest" time="0.003" classname="com.selenium.Test.UIMainscript"/>
  <testcase name="UITest" time="0.004" classname="com.selenium.Test.UIMainscript"/>
  <testcase name="UITest" time="0.004" classname="com.selenium.Test.UIMainscript"/>
  <testcase name="UITest" time="0.005" classname="com.selenium.Test.UIMainscript"/>
  <testcase name="UITest" time="0.004" classname="com.selenium.Test.UIMainscript"/>
  <testcase name="UITest" time="0.004" classname="com.selenium.Test.UIMainscript"/>
  <testcase name="UITest" time="0.004" classname="com.selenium.Test.UIMainscript"/>
  <testcase name="UITest" time="0.017" classname="com.selenium.Test.UIMainscript"/>
  <testcase name="UITest" time="0.004" classname="com.selenium.Test.UIMainscript"/>
  <testcase name="UITest" time="0.008" classname="com.selenium.Test.UIMainscript"/>
  <testcase name="UITest" time="0.004" classname="com.selenium.Test.UIMainscript"/>
  <testcase name="UITest" time="0.004" classname="com.selenium.Test.UIMainscript"/>
  <testcase name="UITest" time="0.003" classname="com.selenium.Test.UIMainscript"/>
  <testcase name="UITest" time="0.004" classname="com.selenium.Test.UIMainscript"/>
  <testcase name="UITest" time="0.003" classname="com.selenium.Test.UIMainscript"/>
  <testcase name="UITest" time="0.003" classname="com.selenium.Test.UIMainscript"/>
  <testcase name="UITest" time="0.005" classname="com.selenium.Test.UIMainscript"/>
  <testcase name="UITest" time="0.004" classname="com.selenium.Test.UIMainscript"/>
  <testcase name="UITest" time="0.005" classname="com.selenium.Test.UIMainscript"/>
  <testcase name="UITest" time="0.005" classname="com.selenium.Test.UIMainscript"/>
  <testcase name="UITest" time="0.004" classname="com.selenium.Test.UIMainscript"/>
  <testcase name="UITest" time="0.006" classname="com.selenium.Test.UIMainscript"/>
  <testcase name="UITest" time="0.006" classname="com.selenium.Test.UIMainscript"/>
  <testcase name="UITest" time="0.003" classname="com.selenium.Test.UIMainscript"/>
  <testcase name="UITest" time="0.004" classname="com.selenium.Test.UIMainscript"/>
  <testcase name="UITest" time="0.004" classname="com.selenium.Test.UIMainscript"/>
  <testcase name="UITest" time="0.003" classname="com.selenium.Test.UIMainscript"/>
  <testcase name="UITest" time="0.009" classname="com.selenium.Test.UIMainscript"/>
  <testcase name="UITest" time="0.005" classname="com.selenium.Test.UIMainscript"/>
  <testcase name="UITest" time="0.003" classname="com.selenium.Test.UIMainscript"/>
  <testcase name="UITest" time="0.005" classname="com.selenium.Test.UIMainscript"/>
  <testcase name="UITest" time="0.008" classname="com.selenium.Test.UIMainscript"/>
  <testcase name="UITest" time="0.004" classname="com.selenium.Test.UIMainscript"/>
  <testcase name="UITest" time="0.005" classname="com.selenium.Test.UIMainscript"/>
  <testcase name="UITest" time="0.004" classname="com.selenium.Test.UIMainscript"/>
  <testcase name="UITest" time="0.006" classname="com.selenium.Test.UIMainscript"/>
  <testcase name="UITest" time="0.005" classname="com.selenium.Test.UIMainscript"/>
  <testcase name="UITest" time="0.005" classname="com.selenium.Test.UIMainscript"/>
  <testcase name="UITest" time="0.004" classname="com.selenium.Test.UIMainscript"/>
  <testcase name="UITest" time="0.016" classname="com.selenium.Test.UIMainscript"/>
  <testcase name="UITest" time="0.004" classname="com.selenium.Test.UIMainscript"/>
  <testcase name="UITest" time="0.005" classname="com.selenium.Test.UIMainscript"/>
  <testcase name="UITest" time="0.004" classname="com.selenium.Test.UIMainscript"/>
  <testcase name="UITest" time="0.006" classname="com.selenium.Test.UIMainscript"/>
  <testcase name="UITest" time="0.003" classname="com.selenium.Test.UIMainscript"/>
  <testcase name="UITest" time="0.038" classname="com.selenium.Test.UIMainscript"/>
  <testcase name="UITest" time="0.004" classname="com.selenium.Test.UIMainscript"/>
  <testcase name="UITest" time="0.006" classname="com.selenium.Test.UIMainscript"/>
  <testcase name="UITest" time="0.005" classname="com.selenium.Test.UIMainscript"/>
  <testcase name="UITest" time="0.011" classname="com.selenium.Test.UIMainscript"/>
  <testcase name="UITest" time="0.003" classname="com.selenium.Test.UIMainscript"/>
  <testcase name="UITest" time="0.003" classname="com.selenium.Test.UIMainscript"/>
  <testcase name="UITest" time="0.007" classname="com.selenium.Test.UIMainscript"/>
  <testcase name="UITest" time="0.007" classname="com.selenium.Test.UIMainscript"/>
  <testcase name="UITest" time="0.004" classname="com.selenium.Test.UIMainscript"/>
  <testcase name="UITest" time="0.004" classname="com.selenium.Test.UIMainscript"/>
  <testcase name="UITest" time="0.006" classname="com.selenium.Test.UIMainscript"/>
  <testcase name="UITest" time="0.004" classname="com.selenium.Test.UIMainscript"/>
  <testcase name="UITest" time="0.005" classname="com.selenium.Test.UIMainscript"/>
  <testcase name="UITest" time="0.010" classname="com.selenium.Test.UIMainscript"/>
  <testcase name="UITest" time="0.004" classname="com.selenium.Test.UIMainscript"/>
  <testcase name="UITest" time="0.004" classname="com.selenium.Test.UIMainscript"/>
  <testcase name="UITest" time="0.003" classname="com.selenium.Test.UIMainscript"/>
  <testcase name="UITest" time="0.003" classname="com.selenium.Test.UIMainscript"/>
  <testcase name="UITest" time="0.007" classname="com.selenium.Test.UIMainscript"/>
  <testcase name="UITest" time="0.004" classname="com.selenium.Test.UIMainscript"/>
  <testcase name="UITest" time="0.005" classname="com.selenium.Test.UIMainscript"/>
  <testcase name="UITest" time="0.004" classname="com.selenium.Test.UIMainscript"/>
  <testcase name="UITest" time="0.013" classname="com.selenium.Test.UIMainscript"/>
  <testcase name="UITest" time="0.004" classname="com.selenium.Test.UIMainscript"/>
  <testcase name="UITest" time="0.016" classname="com.selenium.Test.UIMainscript"/>
  <testcase name="UITest" time="0.005" classname="com.selenium.Test.UIMainscript"/>
  <testcase name="UITest" time="0.010" classname="com.selenium.Test.UIMainscript"/>
  <testcase name="UITest" time="0.015" classname="com.selenium.Test.UIMainscript"/>
  <testcase name="UITest" time="0.003" classname="com.selenium.Test.UIMainscript"/>
  <testcase name="UITest" time="0.001" classname="com.selenium.Test.UIMainscript">
    <error type="java.lang.NullPointerException">
      <![CDATA[java.lang.NullPointerException
	at com.selenium.DriverPackage.BaseDriverScript.executeTestScript(BaseDriverScript.java:100)
	at com.selenium.Test.UIMainscript.UITest(UIMainscript.java:104)
	at sun.reflect.NativeMethodAccessorImpl.invoke0(Native Method)
	at sun.reflect.NativeMethodAccessorImpl.invoke(NativeMethodAccessorImpl.java:62)
	at sun.reflect.DelegatingMethodAccessorImpl.invoke(DelegatingMethodAccessorImpl.java:43)
	at java.lang.reflect.Method.invoke(Method.java:497)
	at org.testng.internal.MethodInvocationHelper.invokeMethod(MethodInvocationHelper.java:104)
	at org.testng.internal.Invoker.invokeMethod(Invoker.java:645)
	at org.testng.internal.Invoker.invokeTestMethod(Invoker.java:851)
	at org.testng.internal.Invoker.invokeTestMethods(Invoker.java:1177)
	at org.testng.internal.TestMethodWorker.invokeTestMethods(TestMethodWorker.java:129)
	at org.testng.internal.TestMethodWorker.run(TestMethodWorker.java:112)
	at org.testng.TestRunner.privateRun(TestRunner.java:756)
	at org.testng.TestRunner.run(TestRunner.java:610)
	at org.testng.SuiteRunner.runTest(SuiteRunner.java:387)
	at org.testng.SuiteRunner.access$000(SuiteRunner.java:39)
	at org.testng.SuiteRunner$SuiteWorker.run(SuiteRunner.java:421)
	at org.testng.internal.thread.ThreadUtil$2.call(ThreadUtil.java:64)
	at java.util.concurrent.FutureTask.run(FutureTask.java:266)
	at java.util.concurrent.ThreadPoolExecutor.runWorker(ThreadPoolExecutor.java:1142)
	at java.util.concurrent.ThreadPoolExecutor$Worker.run(ThreadPoolExecutor.java:617)
	at java.lang.Thread.run(Thread.java:745)
]]>
    </error>
  </testcase> <!-- UITest -->
  <testcase name="UITest" time="0.006" classname="com.selenium.Test.UIMainscript"/>
  <testcase name="UITest" time="0.005" classname="com.selenium.Test.UIMainscript"/>
  <testcase name="UITest" time="0.004" classname="com.selenium.Test.UIMainscript"/>
  <testcase name="UITest" time="0.004" classname="com.selenium.Test.UIMainscript"/>
  <testcase name="UITest" time="0.003" classname="com.selenium.Test.UIMainscript"/>
  <testcase name="UITest" time="0.004" classname="com.selenium.Test.UIMainscript"/>
  <testcase name="UITest" time="0.003" classname="com.selenium.Test.UIMainscript"/>
  <testcase name="UITest" time="0.004" classname="com.selenium.Test.UIMainscript"/>
  <testcase name="UITest" time="0.003" classname="com.selenium.Test.UIMainscript"/>
  <testcase name="UITest" time="0.007" classname="com.selenium.Test.UIMainscript"/>
  <testcase name="UITest" time="0.004" classname="com.selenium.Test.UIMainscript"/>
  <testcase name="UITest" time="0.005" classname="com.selenium.Test.UIMainscript"/>
  <testcase name="UITest" time="0.006" classname="com.selenium.Test.UIMainscript"/>
  <testcase name="UITest" time="0.003" classname="com.selenium.Test.UIMainscript"/>
  <testcase name="UITest" time="0.003" classname="com.selenium.Test.UIMainscript"/>
  <testcase name="UITest" time="0.004" classname="com.selenium.Test.UIMainscript"/>
  <testcase name="UITest" time="0.005" classname="com.selenium.Test.UIMainscript"/>
  <testcase name="UITest" time="0.007" classname="com.selenium.Test.UIMainscript"/>
  <testcase name="UITest" time="0.013" classname="com.selenium.Test.UIMainscript"/>
  <testcase name="UITest" time="0.003" classname="com.selenium.Test.UIMainscript"/>
  <testcase name="UITest" time="0.005" classname="com.selenium.Test.UIMainscript"/>
  <testcase name="UITest" time="0.004" classname="com.selenium.Test.UIMainscript"/>
  <testcase name="UITest" time="0.003" classname="com.selenium.Test.UIMainscript"/>
  <testcase name="UITest" time="0.003" classname="com.selenium.Test.UIMainscript"/>
  <testcase name="UITest" time="0.007" classname="com.selenium.Test.UIMainscript"/>
  <testcase name="UITest" time="0.004" classname="com.selenium.Test.UIMainscript"/>
  <testcase name="UITest" time="0.004" classname="com.selenium.Test.UIMainscript"/>
  <testcase name="UITest" time="0.004" classname="com.selenium.Test.UIMainscript"/>
  <testcase name="UITest" time="0.005" classname="com.selenium.Test.UIMainscript"/>
  <testcase name="UITest" time="0.003" classname="com.selenium.Test.UIMainscript"/>
  <testcase name="UITest" time="0.010" classname="com.selenium.Test.UIMainscript"/>
  <testcase name="UITest" time="0.004" classname="com.selenium.Test.UIMainscript"/>
  <testcase name="UITest" time="0.003" classname="com.selenium.Test.UIMainscript"/>
  <testcase name="UITest" time="0.002" classname="com.selenium.Test.UIMainscript"/>
  <testcase name="UITest" time="0.006" classname="com.selenium.Test.UIMainscript"/>
  <testcase name="UITest" time="0.005" classname="com.selenium.Test.UIMainscript"/>
  <testcase name="UITest" time="0.004" classname="com.selenium.Test.UIMainscript"/>
  <testcase name="UITest" time="0.004" classname="com.selenium.Test.UIMainscript"/>
  <testcase name="UITest" time="0.007" classname="com.selenium.Test.UIMainscript"/>
  <testcase name="UITest" time="0.005" classname="com.selenium.Test.UIMainscript"/>
  <testcase name="UITest" time="0.004" classname="com.selenium.Test.UIMainscript"/>
  <testcase name="UITest" time="0.003" classname="com.selenium.Test.UIMainscript"/>
  <testcase name="UITest" time="0.008" classname="com.selenium.Test.UIMainscript"/>
  <testcase name="UITest" time="0.002" classname="com.selenium.Test.UIMainscript"/>
  <testcase name="UITest" time="0.006" classname="com.selenium.Test.UIMainscript"/>
  <testcase name="UITest" time="0.004" classname="com.selenium.Test.UIMainscript"/>
  <testcase name="UITest" time="0.003" classname="com.selenium.Test.UIMainscript"/>
  <testcase name="UITest" time="0.018" classname="com.selenium.Test.UIMainscript"/>
  <testcase name="UITest" time="0.004" classname="com.selenium.Test.UIMainscript"/>
  <testcase name="UITest" time="0.010" classname="com.selenium.Test.UIMainscript"/>
  <testcase name="UITest" time="0.008" classname="com.selenium.Test.UIMainscript"/>
  <testcase name="UITest" time="0.003" classname="com.selenium.Test.UIMainscript"/>
  <testcase name="UITest" time="0.003" classname="com.selenium.Test.UIMainscript"/>
  <testcase name="UITest" time="0.005" classname="com.selenium.Test.UIMainscript"/>
  <testcase name="UITest" time="0.003" classname="com.selenium.Test.UIMainscript"/>
  <testcase name="UITest" time="0.005" classname="com.selenium.Test.UIMainscript"/>
  <testcase name="UITest" time="0.004" classname="com.selenium.Test.UIMainscript"/>
  <testcase name="UITest" time="0.007" classname="com.selenium.Test.UIMainscript"/>
  <testcase name="UITest" time="0.004" classname="com.selenium.Test.UIMainscript"/>
  <testcase name="UITest" time="0.007" classname="com.selenium.Test.UIMainscript"/>
  <testcase name="UITest" time="0.004" classname="com.selenium.Test.UIMainscript"/>
  <testcase name="UITest" time="0.005" classname="com.selenium.Test.UIMainscript"/>
  <testcase name="UITest" time="0.004" classname="com.selenium.Test.UIMainscript"/>
  <testcase name="UITest" time="0.004" classname="com.selenium.Test.UIMainscript"/>
  <testcase name="UITest" time="0.004" classname="com.selenium.Test.UIMainscript"/>
  <testcase name="UITest" time="0.005" classname="com.selenium.Test.UIMainscript"/>
  <testcase name="UITest" time="0.006" classname="com.selenium.Test.UIMainscript"/>
  <testcase name="UITest" time="0.004" classname="com.selenium.Test.UIMainscript"/>
  <testcase name="UITest" time="0.005" classname="com.selenium.Test.UIMainscript"/>
  <testcase name="UITest" time="0.010" classname="com.selenium.Test.UIMainscript"/>
  <testcase name="UITest" time="0.005" classname="com.selenium.Test.UIMainscript"/>
  <testcase name="UITest" time="0.006" classname="com.selenium.Test.UIMainscript"/>
  <testcase name="UITest" time="0.007" classname="com.selenium.Test.UIMainscript"/>
  <testcase name="UITest" time="0.006" classname="com.selenium.Test.UIMainscript"/>
  <testcase name="UITest" time="0.006" classname="com.selenium.Test.UIMainscript"/>
  <testcase name="UITest" time="0.003" classname="com.selenium.Test.UIMainscript"/>
  <testcase name="UITest" time="0.004" classname="com.selenium.Test.UIMainscript"/>
  <testcase name="UITest" time="0.004" classname="com.selenium.Test.UIMainscript"/>
  <testcase name="UITest" time="0.007" classname="com.selenium.Test.UIMainscript"/>
  <testcase name="UITest" time="0.005" classname="com.selenium.Test.UIMainscript"/>
  <testcase name="UITest" time="0.004" classname="com.selenium.Test.UIMainscript"/>
  <testcase name="UITest" time="0.003" classname="com.selenium.Test.UIMainscript"/>
  <testcase name="UITest" time="0.006" classname="com.selenium.Test.UIMainscript"/>
  <testcase name="UITest" time="0.004" classname="com.selenium.Test.UIMainscript"/>
  <testcase name="UITest" time="0.005" classname="com.selenium.Test.UIMainscript"/>
  <testcase name="UITest" time="0.007" classname="com.selenium.Test.UIMainscript"/>
  <testcase name="UITest" time="0.004" classname="com.selenium.Test.UIMainscript"/>
  <testcase name="Login" time="14.372" classname="com.selenium.Test.UIMainscript"/>
  <testcase name="UITest" time="0.007" classname="com.selenium.Test.UIMainscript"/>
  <testcase name="UITest" time="0.004" classname="com.selenium.Test.UIMainscript"/>
  <testcase name="UITest" time="0.005" classname="com.selenium.Test.UIMainscript"/>
  <testcase name="UITest" time="0.006" classname="com.selenium.Test.UIMainscript"/>
  <testcase name="UITest" time="0.004" classname="com.selenium.Test.UIMainscript"/>
  <testcase name="UITest" time="0.003" classname="com.selenium.Test.UIMainscript"/>
  <testcase name="UITest" time="0.004" classname="com.selenium.Test.UIMainscript"/>
  <testcase name="UITest" time="0.007" classname="com.selenium.Test.UIMainscript"/>
  <testcase name="UITest" time="0.006" classname="com.selenium.Test.UIMainscript"/>
  <testcase name="UITest" time="0.004" classname="com.selenium.Test.UIMainscript"/>
  <testcase name="UITest" time="0.005" classname="com.selenium.Test.UIMainscript"/>
  <testcase name="UITest" time="0.004" classname="com.selenium.Test.UIMainscript"/>
  <testcase name="UITest" time="0.004" classname="com.selenium.Test.UIMainscript"/>
  <testcase name="UITest" time="0.004" classname="com.selenium.Test.UIMainscript"/>
  <testcase name="UITest" time="0.015" classname="com.selenium.Test.UIMainscript"/>
  <testcase name="UITest" time="0.005" classname="com.selenium.Test.UIMainscript"/>
  <testcase name="UITest" time="0.004" classname="com.selenium.Test.UIMainscript"/>
  <testcase name="UITest" time="0.016" classname="com.selenium.Test.UIMainscript"/>
  <testcase name="UITest" time="0.003" classname="com.selenium.Test.UIMainscript"/>
  <testcase name="UITest" time="0.009" classname="com.selenium.Test.UIMainscript"/>
  <testcase name="UITest" time="0.009" classname="com.selenium.Test.UIMainscript"/>
  <testcase name="UITest" time="0.003" classname="com.selenium.Test.UIMainscript"/>
  <testcase name="UITest" time="0.009" classname="com.selenium.Test.UIMainscript"/>
  <testcase name="UITest" time="0.003" classname="com.selenium.Test.UIMainscript"/>
  <testcase name="UITest" time="0.004" classname="com.selenium.Test.UIMainscript"/>
  <testcase name="UITest" time="0.012" classname="com.selenium.Test.UIMainscript"/>
  <testcase name="UITest" time="0.005" classname="com.selenium.Test.UIMainscript"/>
  <testcase name="UITest" time="0.004" classname="com.selenium.Test.UIMainscript"/>
  <testcase name="UITest" time="0.003" classname="com.selenium.Test.UIMainscript"/>
  <testcase name="UITest" time="0.004" classname="com.selenium.Test.UIMainscript"/>
  <testcase name="UITest" time="0.004" classname="com.selenium.Test.UIMainscript"/>
  <testcase name="UITest" time="0.008" classname="com.selenium.Test.UIMainscript"/>
  <testcase name="UITest" time="0.008" classname="com.selenium.Test.UIMainscript"/>
  <testcase name="UITest" time="0.013" classname="com.selenium.Test.UIMainscript"/>
  <testcase name="UITest" time="0.004" classname="com.selenium.Test.UIMainscript"/>
  <testcase name="UITest" time="0.007" classname="com.selenium.Test.UIMainscript"/>
  <testcase name="UITest" time="0.004" classname="com.selenium.Test.UIMainscript"/>
  <testcase name="UITest" time="0.005" classname="com.selenium.Test.UIMainscript"/>
  <testcase name="UITest" time="0.003" classname="com.selenium.Test.UIMainscript"/>
  <testcase name="UITest" time="0.032" classname="com.selenium.Test.UIMainscript"/>
  <testcase name="UITest" time="0.009" classname="com.selenium.Test.UIMainscript"/>
  <testcase name="UITest" time="0.003" classname="com.selenium.Test.UIMainscript"/>
  <testcase name="UITest" time="0.004" classname="com.selenium.Test.UIMainscript"/>
  <testcase name="UITest" time="0.005" classname="com.selenium.Test.UIMainscript"/>
  <testcase name="UITest" time="0.004" classname="com.selenium.Test.UIMainscript"/>
  <testcase name="UITest" time="0.005" classname="com.selenium.Test.UIMainscript"/>
  <testcase name="UITest" time="0.004" classname="com.selenium.Test.UIMainscript"/>
  <testcase name="UITest" time="0.004" classname="com.selenium.Test.UIMainscript"/>
  <testcase name="UITest" time="0.004" classname="com.selenium.Test.UIMainscript"/>
  <testcase name="UITest" time="0.004" classname="com.selenium.Test.UIMainscript"/>
  <testcase name="UITest" time="0.004" classname="com.selenium.Test.UIMainscript"/>
  <testcase name="UITest" time="0.003" classname="com.selenium.Test.UIMainscript"/>
  <testcase name="UITest" time="0.004" classname="com.selenium.Test.UIMainscript"/>
  <testcase name="UITest" time="0.005" classname="com.selenium.Test.UIMainscript"/>
  <testcase name="UITest" time="0.003" classname="com.selenium.Test.UIMainscript"/>
  <testcase name="UITest" time="0.004" classname="com.selenium.Test.UIMainscript"/>
  <testcase name="UITest" time="0.006" classname="com.selenium.Test.UIMainscript"/>
  <testcase name="UITest" time="0.004" classname="com.selenium.Test.UIMainscript"/>
  <testcase name="UITest" time="0.005" classname="com.selenium.Test.UIMainscript"/>
  <testcase name="UITest" time="0.004" classname="com.selenium.Test.UIMainscript"/>
  <testcase name="UITest" time="0.004" classname="com.selenium.Test.UIMainscript"/>
  <testcase name="UITest" time="0.013" classname="com.selenium.Test.UIMainscript"/>
  <testcase name="UITest" time="0.003" classname="com.selenium.Test.UIMainscript"/>
  <testcase name="UITest" time="0.004" classname="com.selenium.Test.UIMainscript"/>
  <testcase name="UITest" time="0.004" classname="com.selenium.Test.UIMainscript"/>
  <testcase name="UITest" time="0.003" classname="com.selenium.Test.UIMainscript"/>
  <testcase name="UITest" time="0.006" classname="com.selenium.Test.UIMainscript"/>
  <testcase name="UITest" time="0.003" classname="com.selenium.Test.UIMainscript"/>
  <testcase name="UITest" time="0.003" classname="com.selenium.Test.UIMainscript"/>
  <testcase name="UITest" time="0.004" classname="com.selenium.Test.UIMainscript"/>
  <testcase name="UITest" time="0.004" classname="com.selenium.Test.UIMainscript"/>
  <testcase name="UITest" time="0.005" classname="com.selenium.Test.UIMainscript"/>
  <testcase name="UITest" time="0.004" classname="com.selenium.Test.UIMainscript"/>
  <testcase name="UITest" time="0.004" classname="com.selenium.Test.UIMainscript"/>
  <testcase name="UITest" time="0.007" classname="com.selenium.Test.UIMainscript"/>
  <testcase name="UITest" time="0.003" classname="com.selenium.Test.UIMainscript"/>
  <testcase name="UITest" time="0.008" classname="com.selenium.Test.UIMainscript"/>
  <testcase name="UITest" time="0.005" classname="com.selenium.Test.UIMainscript"/>
  <testcase name="UITest" time="0.003" classname="com.selenium.Test.UIMainscript"/>
  <testcase name="UITest" time="0.005" classname="com.selenium.Test.UIMainscript"/>
  <testcase name="UITest" time="0.014" classname="com.selenium.Test.UIMainscript"/>
  <testcase name="UITest" time="0.004" classname="com.selenium.Test.UIMainscript"/>
  <testcase name="UITest" time="0.004" classname="com.selenium.Test.UIMainscript"/>
  <testcase name="UITest" time="0.004" classname="com.selenium.Test.UIMainscript"/>
  <testcase name="UITest" time="0.003" classname="com.selenium.Test.UIMainscript"/>
  <testcase name="UITest" time="0.005" classname="com.selenium.Test.UIMainscript"/>
  <testcase name="UITest" time="0.005" classname="com.selenium.Test.UIMainscript"/>
  <testcase name="UITest" time="0.005" classname="com.selenium.Test.UIMainscript"/>
  <testcase name="UITest" time="0.010" classname="com.selenium.Test.UIMainscript"/>
  <testcase name="UITest" time="0.007" classname="com.selenium.Test.UIMainscript"/>
  <testcase name="UITest" time="0.003" classname="com.selenium.Test.UIMainscript"/>
  <testcase name="UITest" time="0.004" classname="com.selenium.Test.UIMainscript"/>
  <testcase name="UITest" time="0.005" classname="com.selenium.Test.UIMainscript"/>
  <testcase name="UITest" time="0.003" classname="com.selenium.Test.UIMainscript"/>
  <testcase name="UITest" time="0.004" classname="com.selenium.Test.UIMainscript">
    <error type="java.lang.NullPointerException">
      <![CDATA[java.lang.NullPointerException
	at com.selenium.DriverPackage.BaseDriverScript.executeTestScript(BaseDriverScript.java:100)
	at com.selenium.Test.UIMainscript.UITest(UIMainscript.java:104)
	at sun.reflect.NativeMethodAccessorImpl.invoke0(Native Method)
	at sun.reflect.NativeMethodAccessorImpl.invoke(NativeMethodAccessorImpl.java:62)
	at sun.reflect.DelegatingMethodAccessorImpl.invoke(DelegatingMethodAccessorImpl.java:43)
	at java.lang.reflect.Method.invoke(Method.java:497)
	at org.testng.internal.MethodInvocationHelper.invokeMethod(MethodInvocationHelper.java:104)
	at org.testng.internal.Invoker.invokeMethod(Invoker.java:645)
	at org.testng.internal.Invoker.invokeTestMethod(Invoker.java:851)
	at org.testng.internal.Invoker.invokeTestMethods(Invoker.java:1177)
	at org.testng.internal.TestMethodWorker.invokeTestMethods(TestMethodWorker.java:129)
	at org.testng.internal.TestMethodWorker.run(TestMethodWorker.java:112)
	at org.testng.TestRunner.privateRun(TestRunner.java:756)
	at org.testng.TestRunner.run(TestRunner.java:610)
	at org.testng.SuiteRunner.runTest(SuiteRunner.java:387)
	at org.testng.SuiteRunner.access$000(SuiteRunner.java:39)
	at org.testng.SuiteRunner$SuiteWorker.run(SuiteRunner.java:421)
	at org.testng.internal.thread.ThreadUtil$2.call(ThreadUtil.java:64)
	at java.util.concurrent.FutureTask.run(FutureTask.java:266)
	at java.util.concurrent.ThreadPoolExecutor.runWorker(ThreadPoolExecutor.java:1142)
	at java.util.concurrent.ThreadPoolExecutor$Worker.run(ThreadPoolExecutor.java:617)
	at java.lang.Thread.run(Thread.java:745)
]]>
    </error>
  </testcase> <!-- UITest -->
  <testcase name="UITest" time="0.003" classname="com.selenium.Test.UIMainscript"/>
  <testcase name="UITest" time="0.008" classname="com.selenium.Test.UIMainscript"/>
  <testcase name="UITest" time="0.016" classname="com.selenium.Test.UIMainscript"/>
  <testcase name="UITest" time="0.004" classname="com.selenium.Test.UIMainscript"/>
  <testcase name="UITest" time="0.004" classname="com.selenium.Test.UIMainscript"/>
  <testcase name="UITest" time="0.004" classname="com.selenium.Test.UIMainscript"/>
  <testcase name="UITest" time="0.004" classname="com.selenium.Test.UIMainscript"/>
  <testcase name="UITest" time="0.005" classname="com.selenium.Test.UIMainscript"/>
  <testcase name="UITest" time="0.005" classname="com.selenium.Test.UIMainscript"/>
  <testcase name="UITest" time="0.005" classname="com.selenium.Test.UIMainscript"/>
  <testcase name="UITest" time="0.005" classname="com.selenium.Test.UIMainscript"/>
  <testcase name="UITest" time="0.004" classname="com.selenium.Test.UIMainscript"/>
  <testcase name="UITest" time="0.005" classname="com.selenium.Test.UIMainscript"/>
  <testcase name="UITest" time="0.006" classname="com.selenium.Test.UIMainscript"/>
  <testcase name="UITest" time="0.005" classname="com.selenium.Test.UIMainscript"/>
  <testcase name="UITest" time="0.008" classname="com.selenium.Test.UIMainscript"/>
  <testcase name="UITest" time="0.005" classname="com.selenium.Test.UIMainscript"/>
  <testcase name="UITest" time="0.006" classname="com.selenium.Test.UIMainscript"/>
  <testcase name="UITest" time="0.005" classname="com.selenium.Test.UIMainscript"/>
  <testcase name="UITest" time="0.004" classname="com.selenium.Test.UIMainscript"/>
  <testcase name="UITest" time="0.005" classname="com.selenium.Test.UIMainscript"/>
  <testcase name="UITest" time="0.006" classname="com.selenium.Test.UIMainscript"/>
  <testcase name="UITest" time="0.005" classname="com.selenium.Test.UIMainscript"/>
  <testcase name="UITest" time="0.006" classname="com.selenium.Test.UIMainscript"/>
  <testcase name="UITest" time="0.006" classname="com.selenium.Test.UIMainscript"/>
  <testcase name="UITest" time="0.007" classname="com.selenium.Test.UIMainscript"/>
  <testcase name="UITest" time="0.006" classname="com.selenium.Test.UIMainscript"/>
  <testcase name="UITest" time="0.003" classname="com.selenium.Test.UIMainscript"/>
  <testcase name="UITest" time="0.005" classname="com.selenium.Test.UIMainscript"/>
  <testcase name="UITest" time="0.005" classname="com.selenium.Test.UIMainscript"/>
  <testcase name="UITest" time="0.006" classname="com.selenium.Test.UIMainscript"/>
  <testcase name="UITest" time="0.008" classname="com.selenium.Test.UIMainscript"/>
  <testcase name="UITest" time="0.004" classname="com.selenium.Test.UIMainscript"/>
  <testcase name="UITest" time="0.003" classname="com.selenium.Test.UIMainscript"/>
  <testcase name="UITest" time="0.004" classname="com.selenium.Test.UIMainscript"/>
  <testcase name="UITest" time="0.003" classname="com.selenium.Test.UIMainscript"/>
  <testcase name="UITest" time="0.004" classname="com.selenium.Test.UIMainscript"/>
  <testcase name="UITest" time="0.006" classname="com.selenium.Test.UIMainscript"/>
  <testcase name="UITest" time="0.004" classname="com.selenium.Test.UIMainscript"/>
  <testcase name="UITest" time="0.007" classname="com.selenium.Test.UIMainscript"/>
  <testcase name="UITest" time="0.004" classname="com.selenium.Test.UIMainscript"/>
  <testcase name="UITest" time="0.008" classname="com.selenium.Test.UIMainscript"/>
  <testcase name="UITest" time="0.007" classname="com.selenium.Test.UIMainscript"/>
  <testcase name="UITest" time="0.004" classname="com.selenium.Test.UIMainscript"/>
  <testcase name="UITest" time="0.004" classname="com.selenium.Test.UIMainscript"/>
  <testcase name="UITest" time="0.004" classname="com.selenium.Test.UIMainscript"/>
  <testcase name="UITest" time="0.006" classname="com.selenium.Test.UIMainscript"/>
  <testcase name="UITest" time="0.005" classname="com.selenium.Test.UIMainscript"/>
  <testcase name="UITest" time="0.004" classname="com.selenium.Test.UIMainscript"/>
  <testcase name="UITest" time="0.004" classname="com.selenium.Test.UIMainscript"/>
  <testcase name="UITest" time="0.004" classname="com.selenium.Test.UIMainscript"/>
  <testcase name="UITest" time="0.008" classname="com.selenium.Test.UIMainscript"/>
  <testcase name="UITest" time="0.007" classname="com.selenium.Test.UIMainscript"/>
  <testcase name="UITest" time="0.004" classname="com.selenium.Test.UIMainscript"/>
  <testcase name="UITest" time="0.003" classname="com.selenium.Test.UIMainscript"/>
  <testcase name="UITest" time="0.009" classname="com.selenium.Test.UIMainscript"/>
  <testcase name="UITest" time="0.003" classname="com.selenium.Test.UIMainscript"/>
  <testcase name="UITest" time="0.005" classname="com.selenium.Test.UIMainscript"/>
  <testcase name="UITest" time="0.003" classname="com.selenium.Test.UIMainscript"/>
  <testcase name="UITest" time="0.006" classname="com.selenium.Test.UIMainscript"/>
  <testcase name="UITest" time="0.004" classname="com.selenium.Test.UIMainscript"/>
  <testcase name="UITest" time="0.004" classname="com.selenium.Test.UIMainscript"/>
  <testcase name="UITest" time="0.007" classname="com.selenium.Test.UIMainscript"/>
  <testcase name="UITest" time="0.004" classname="com.selenium.Test.UIMainscript"/>
  <testcase name="UITest" time="0.003" classname="com.selenium.Test.UIMainscript"/>
  <testcase name="UITest" time="0.004" classname="com.selenium.Test.UIMainscript"/>
  <testcase name="UITest" time="0.004" classname="com.selenium.Test.UIMainscript"/>
  <testcase name="UITest" time="0.003" classname="com.selenium.Test.UIMainscript"/>
  <testcase name="UITest" time="0.007" classname="com.selenium.Test.UIMainscript"/>
  <testcase name="UITest" time="0.004" classname="com.selenium.Test.UIMainscript"/>
  <testcase name="UITest" time="0.004" classname="com.selenium.Test.UIMainscript"/>
  <testcase name="UITest" time="0.003" classname="com.selenium.Test.UIMainscript"/>
  <testcase name="UITest" time="0.005" classname="com.selenium.Test.UIMainscript"/>
  <testcase name="UITest" time="0.012" classname="com.selenium.Test.UIMainscript"/>
  <testcase name="UITest" time="0.006" classname="com.selenium.Test.UIMainscript"/>
  <testcase name="UITest" time="0.003" classname="com.selenium.Test.UIMainscript"/>
  <testcase name="UITest" time="0.007" classname="com.selenium.Test.UIMainscript"/>
  <testcase name="UITest" time="0.005" classname="com.selenium.Test.UIMainscript"/>
  <testcase name="UITest" time="0.004" classname="com.selenium.Test.UIMainscript"/>
  <testcase name="UITest" time="0.003" classname="com.selenium.Test.UIMainscript"/>
  <testcase name="UITest" time="0.004" classname="com.selenium.Test.UIMainscript"/>
  <testcase name="UITest" time="0.004" classname="com.selenium.Test.UIMainscript"/>
  <testcase name="UITest" time="0.004" classname="com.selenium.Test.UIMainscript"/>
  <testcase name="UITest" time="0.005" classname="com.selenium.Test.UIMainscript"/>
  <testcase name="UITest" time="0.004" classname="com.selenium.Test.UIMainscript"/>
  <testcase name="UITest" time="0.004" classname="com.selenium.Test.UIMainscript"/>
  <testcase name="UITest" time="0.013" classname="com.selenium.Test.UIMainscript"/>
  <testcase name="UITest" time="0.003" classname="com.selenium.Test.UIMainscript"/>
  <testcase name="UITest" time="0.004" classname="com.selenium.Test.UIMainscript"/>
  <testcase name="UITest" time="0.004" classname="com.selenium.Test.UIMainscript"/>
  <testcase name="UITest" time="0.007" classname="com.selenium.Test.UIMainscript"/>
  <testcase name="UITest" time="0.007" classname="com.selenium.Test.UIMainscript"/>
  <testcase name="UITest" time="0.003" classname="com.selenium.Test.UIMainscript"/>
  <testcase name="UITest" time="0.003" classname="com.selenium.Test.UIMainscript"/>
  <testcase name="UITest" time="0.005" classname="com.selenium.Test.UIMainscript"/>
  <testcase name="UITest" time="0.007" classname="com.selenium.Test.UIMainscript"/>
  <testcase name="UITest" time="0.004" classname="com.selenium.Test.UIMainscript"/>
  <testcase name="UITest" time="0.005" classname="com.selenium.Test.UIMainscript"/>
  <testcase name="UITest" time="0.003" classname="com.selenium.Test.UIMainscript"/>
  <testcase name="UITest" time="0.003" classname="com.selenium.Test.UIMainscript"/>
  <testcase name="UITest" time="0.005" classname="com.selenium.Test.UIMainscript"/>
  <testcase name="UITest" time="0.004" classname="com.selenium.Test.UIMainscript"/>
  <testcase name="UITest" time="0.007" classname="com.selenium.Test.UIMainscript"/>
  <testcase name="UITest" time="0.007" classname="com.selenium.Test.UIMainscript"/>
  <testcase name="UITest" time="0.005" classname="com.selenium.Test.UIMainscript"/>
  <testcase name="UITest" time="0.007" classname="com.selenium.Test.UIMainscript"/>
  <testcase name="UITest" time="0.004" classname="com.selenium.Test.UIMainscript"/>
  <testcase name="UITest" time="0.007" classname="com.selenium.Test.UIMainscript"/>
  <testcase name="UITest" time="0.004" classname="com.selenium.Test.UIMainscript"/>
  <testcase name="UITest" time="0.010" classname="com.selenium.Test.UIMainscript"/>
  <testcase name="UITest" time="0.004" classname="com.selenium.Test.UIMainscript"/>
  <testcase name="UITest" time="0.004" classname="com.selenium.Test.UIMainscript"/>
  <testcase name="UITest" time="0.005" classname="com.selenium.Test.UIMainscript"/>
  <testcase name="UITest" time="0.005" classname="com.selenium.Test.UIMainscript"/>
  <testcase name="UITest" time="0.009" classname="com.selenium.Test.UIMainscript"/>
  <testcase name="UITest" time="0.005" classname="com.selenium.Test.UIMainscript"/>
  <testcase name="UITest" time="0.007" classname="com.selenium.Test.UIMainscript"/>
  <testcase name="UITest" time="0.004" classname="com.selenium.Test.UIMainscript"/>
  <testcase name="UITest" time="0.004" classname="com.selenium.Test.UIMainscript"/>
  <testcase name="UITest" time="0.009" classname="com.selenium.Test.UIMainscript"/>
  <testcase name="UITest" time="0.004" classname="com.selenium.Test.UIMainscript"/>
  <testcase name="UITest" time="0.004" classname="com.selenium.Test.UIMainscript"/>
  <testcase name="UITest" time="0.011" classname="com.selenium.Test.UIMainscript"/>
  <testcase name="UITest" time="0.011" classname="com.selenium.Test.UIMainscript"/>
  <testcase name="UITest" time="0.009" classname="com.selenium.Test.UIMainscript"/>
  <testcase name="UITest" time="0.007" classname="com.selenium.Test.UIMainscript"/>
  <testcase name="Login" time="14.283" classname="com.selenium.Test.UIMainscript"/>
  <testcase name="UITest" time="0.006" classname="com.selenium.Test.UIMainscript"/>
  <testcase name="UITest" time="0.005" classname="com.selenium.Test.UIMainscript"/>
  <testcase name="UITest" time="0.013" classname="com.selenium.Test.UIMainscript"/>
  <testcase name="UITest" time="0.004" classname="com.selenium.Test.UIMainscript"/>
  <testcase name="UITest" time="0.005" classname="com.selenium.Test.UIMainscript"/>
  <testcase name="UITest" time="0.004" classname="com.selenium.Test.UIMainscript"/>
  <testcase name="UITest" time="0.005" classname="com.selenium.Test.UIMainscript"/>
  <testcase name="UITest" time="0.004" classname="com.selenium.Test.UIMainscript"/>
  <testcase name="UITest" time="0.004" classname="com.selenium.Test.UIMainscript"/>
  <testcase name="UITest" time="0.006" classname="com.selenium.Test.UIMainscript"/>
  <testcase name="UITest" time="0.003" classname="com.selenium.Test.UIMainscript"/>
  <testcase name="UITest" time="0.003" classname="com.selenium.Test.UIMainscript"/>
  <testcase name="UITest" time="0.004" classname="com.selenium.Test.UIMainscript"/>
  <testcase name="UITest" time="0.004" classname="com.selenium.Test.UIMainscript"/>
  <testcase name="UITest" time="0.003" classname="com.selenium.Test.UIMainscript"/>
  <testcase name="UITest" time="0.004" classname="com.selenium.Test.UIMainscript"/>
  <testcase name="UITest" time="0.005" classname="com.selenium.Test.UIMainscript"/>
  <testcase name="UITest" time="0.007" classname="com.selenium.Test.UIMainscript"/>
  <testcase name="UITest" time="0.005" classname="com.selenium.Test.UIMainscript"/>
  <testcase name="UITest" time="0.005" classname="com.selenium.Test.UIMainscript"/>
  <testcase name="UITest" time="0.003" classname="com.selenium.Test.UIMainscript"/>
  <testcase name="UITest" time="0.006" classname="com.selenium.Test.UIMainscript"/>
  <testcase name="UITest" time="0.005" classname="com.selenium.Test.UIMainscript"/>
  <testcase name="UITest" time="0.004" classname="com.selenium.Test.UIMainscript"/>
  <testcase name="UITest" time="0.009" classname="com.selenium.Test.UIMainscript"/>
  <testcase name="UITest" time="0.003" classname="com.selenium.Test.UIMainscript"/>
  <testcase name="UITest" time="0.003" classname="com.selenium.Test.UIMainscript"/>
  <testcase name="UITest" time="0.006" classname="com.selenium.Test.UIMainscript"/>
  <testcase name="UITest" time="0.004" classname="com.selenium.Test.UIMainscript"/>
  <testcase name="UITest" time="0.004" classname="com.selenium.Test.UIMainscript"/>
  <testcase name="UITest" time="0.003" classname="com.selenium.Test.UIMainscript"/>
  <testcase name="UITest" time="0.006" classname="com.selenium.Test.UIMainscript"/>
  <testcase name="UITest" time="0.004" classname="com.selenium.Test.UIMainscript"/>
  <testcase name="UITest" time="0.004" classname="com.selenium.Test.UIMainscript"/>
  <testcase name="UITest" time="0.004" classname="com.selenium.Test.UIMainscript"/>
  <testcase name="UITest" time="0.007" classname="com.selenium.Test.UIMainscript"/>
  <testcase name="UITest" time="0.007" classname="com.selenium.Test.UIMainscript"/>
  <testcase name="UITest" time="0.004" classname="com.selenium.Test.UIMainscript"/>
  <testcase name="UITest" time="0.006" classname="com.selenium.Test.UIMainscript"/>
  <testcase name="UITest" time="0.015" classname="com.selenium.Test.UIMainscript"/>
  <testcase name="UITest" time="0.008" classname="com.selenium.Test.UIMainscript"/>
  <testcase name="UITest" time="0.004" classname="com.selenium.Test.UIMainscript"/>
  <testcase name="UITest" time="0.004" classname="com.selenium.Test.UIMainscript"/>
  <testcase name="UITest" time="0.006" classname="com.selenium.Test.UIMainscript"/>
  <testcase name="UITest" time="0.011" classname="com.selenium.Test.UIMainscript"/>
  <testcase name="UITest" time="0.005" classname="com.selenium.Test.UIMainscript"/>
  <testcase name="UITest" time="0.003" classname="com.selenium.Test.UIMainscript"/>
  <testcase name="UITest" time="0.006" classname="com.selenium.Test.UIMainscript"/>
  <testcase name="UITest" time="0.003" classname="com.selenium.Test.UIMainscript"/>
  <testcase name="UITest" time="0.005" classname="com.selenium.Test.UIMainscript"/>
  <testcase name="UITest" time="0.003" classname="com.selenium.Test.UIMainscript"/>
  <testcase name="UITest" time="0.006" classname="com.selenium.Test.UIMainscript"/>
  <testcase name="UITest" time="0.003" classname="com.selenium.Test.UIMainscript"/>
  <testcase name="UITest" time="0.006" classname="com.selenium.Test.UIMainscript"/>
  <testcase name="UITest" time="0.004" classname="com.selenium.Test.UIMainscript"/>
  <testcase name="UITest" time="0.004" classname="com.selenium.Test.UIMainscript"/>
  <testcase name="UITest" time="0.009" classname="com.selenium.Test.UIMainscript"/>
  <testcase name="UITest" time="0.005" classname="com.selenium.Test.UIMainscript"/>
  <testcase name="UITest" time="0.005" classname="com.selenium.Test.UIMainscript"/>
  <testcase name="UITest" time="0.003" classname="com.selenium.Test.UIMainscript"/>
  <testcase name="UITest" time="0.011" classname="com.selenium.Test.UIMainscript"/>
  <testcase name="UITest" time="0.017" classname="com.selenium.Test.UIMainscript"/>
  <testcase name="UITest" time="0.011" classname="com.selenium.Test.UIMainscript"/>
  <testcase name="UITest" time="0.006" classname="com.selenium.Test.UIMainscript"/>
  <testcase name="UITest" time="0.005" classname="com.selenium.Test.UIMainscript"/>
  <testcase name="UITest" time="0.004" classname="com.selenium.Test.UIMainscript"/>
  <testcase name="UITest" time="0.008" classname="com.selenium.Test.UIMainscript"/>
  <testcase name="UITest" time="0.005" classname="com.selenium.Test.UIMainscript"/>
  <testcase name="UITest" time="0.003" classname="com.selenium.Test.UIMainscript"/>
  <testcase name="UITest" time="0.003" classname="com.selenium.Test.UIMainscript"/>
  <testcase name="UITest" time="0.004" classname="com.selenium.Test.UIMainscript"/>
  <testcase name="UITest" time="0.004" classname="com.selenium.Test.UIMainscript"/>
  <testcase name="UITest" time="0.003" classname="com.selenium.Test.UIMainscript"/>
  <testcase name="UITest" time="0.006" classname="com.selenium.Test.UIMainscript"/>
  <testcase name="UITest" time="0.003" classname="com.selenium.Test.UIMainscript"/>
  <testcase name="UITest" time="0.004" classname="com.selenium.Test.UIMainscript"/>
  <testcase name="UITest" time="0.005" classname="com.selenium.Test.UIMainscript"/>
  <testcase name="UITest" time="0.004" classname="com.selenium.Test.UIMainscript"/>
  <testcase name="UITest" time="0.003" classname="com.selenium.Test.UIMainscript"/>
  <testcase name="UITest" time="0.006" classname="com.selenium.Test.UIMainscript"/>
  <testcase name="UITest" time="0.003" classname="com.selenium.Test.UIMainscript"/>
  <testcase name="UITest" time="0.004" classname="com.selenium.Test.UIMainscript"/>
  <testcase name="UITest" time="0.004" classname="com.selenium.Test.UIMainscript"/>
  <testcase name="UITest" time="0.005" classname="com.selenium.Test.UIMainscript"/>
  <testcase name="UITest" time="0.006" classname="com.selenium.Test.UIMainscript"/>
  <testcase name="UITest" time="0.004" classname="com.selenium.Test.UIMainscript"/>
  <testcase name="UITest" time="0.004" classname="com.selenium.Test.UIMainscript"/>
  <testcase name="UITest" time="0.012" classname="com.selenium.Test.UIMainscript"/>
  <testcase name="UITest" time="0.004" classname="com.selenium.Test.UIMainscript"/>
  <testcase name="UITest" time="0.004" classname="com.selenium.Test.UIMainscript"/>
  <testcase name="UITest" time="0.004" classname="com.selenium.Test.UIMainscript"/>
  <testcase name="UITest" time="0.008" classname="com.selenium.Test.UIMainscript"/>
  <testcase name="UITest" time="0.012" classname="com.selenium.Test.UIMainscript"/>
  <testcase name="UITest" time="0.004" classname="com.selenium.Test.UIMainscript"/>
  <testcase name="UITest" time="0.006" classname="com.selenium.Test.UIMainscript"/>
  <testcase name="UITest" time="0.005" classname="com.selenium.Test.UIMainscript"/>
  <testcase name="UITest" time="0.004" classname="com.selenium.Test.UIMainscript"/>
  <testcase name="UITest" time="0.004" classname="com.selenium.Test.UIMainscript"/>
  <testcase name="UITest" time="0.008" classname="com.selenium.Test.UIMainscript"/>
  <testcase name="UITest" time="0.010" classname="com.selenium.Test.UIMainscript"/>
  <testcase name="UITest" time="0.003" classname="com.selenium.Test.UIMainscript"/>
  <testcase name="UITest" time="0.004" classname="com.selenium.Test.UIMainscript"/>
  <testcase name="UITest" time="0.005" classname="com.selenium.Test.UIMainscript"/>
  <testcase name="UITest" time="0.003" classname="com.selenium.Test.UIMainscript"/>
  <testcase name="UITest" time="0.008" classname="com.selenium.Test.UIMainscript"/>
  <testcase name="UITest" time="0.006" classname="com.selenium.Test.UIMainscript"/>
  <testcase name="UITest" time="0.004" classname="com.selenium.Test.UIMainscript"/>
  <testcase name="UITest" time="0.005" classname="com.selenium.Test.UIMainscript"/>
  <testcase name="UITest" time="0.004" classname="com.selenium.Test.UIMainscript"/>
  <testcase name="UITest" time="0.003" classname="com.selenium.Test.UIMainscript"/>
  <testcase name="UITest" time="0.012" classname="com.selenium.Test.UIMainscript"/>
  <testcase name="UITest" time="0.004" classname="com.selenium.Test.UIMainscript"/>
  <testcase name="UITest" time="0.007" classname="com.selenium.Test.UIMainscript"/>
  <testcase name="UITest" time="0.003" classname="com.selenium.Test.UIMainscript"/>
  <testcase name="UITest" time="0.004" classname="com.selenium.Test.UIMainscript"/>
  <testcase name="UITest" time="0.004" classname="com.selenium.Test.UIMainscript"/>
  <testcase name="UITest" time="0.003" classname="com.selenium.Test.UIMainscript"/>
  <testcase name="UITest" time="0.006" classname="com.selenium.Test.UIMainscript"/>
  <testcase name="UITest" time="0.003" classname="com.selenium.Test.UIMainscript"/>
  <testcase name="UITest" time="0.003" classname="com.selenium.Test.UIMainscript"/>
  <testcase name="UITest" time="0.003" classname="com.selenium.Test.UIMainscript"/>
  <testcase name="UITest" time="0.004" classname="com.selenium.Test.UIMainscript"/>
  <testcase name="UITest" time="0.006" classname="com.selenium.Test.UIMainscript"/>
  <testcase name="UITest" time="0.002" classname="com.selenium.Test.UIMainscript"/>
  <testcase name="UITest" time="0.009" classname="com.selenium.Test.UIMainscript"/>
  <testcase name="UITest" time="0.006" classname="com.selenium.Test.UIMainscript"/>
  <testcase name="UITest" time="0.005" classname="com.selenium.Test.UIMainscript"/>
  <testcase name="UITest" time="0.005" classname="com.selenium.Test.UIMainscript"/>
  <testcase name="UITest" time="0.004" classname="com.selenium.Test.UIMainscript"/>
  <testcase name="UITest" time="0.001" classname="com.selenium.Test.UIMainscript">
    <error type="java.lang.NullPointerException">
      <![CDATA[java.lang.NullPointerException
	at com.selenium.DriverPackage.BaseDriverScript.executeTestScript(BaseDriverScript.java:100)
	at com.selenium.Test.UIMainscript.UITest(UIMainscript.java:104)
	at sun.reflect.NativeMethodAccessorImpl.invoke0(Native Method)
	at sun.reflect.NativeMethodAccessorImpl.invoke(NativeMethodAccessorImpl.java:62)
	at sun.reflect.DelegatingMethodAccessorImpl.invoke(DelegatingMethodAccessorImpl.java:43)
	at java.lang.reflect.Method.invoke(Method.java:497)
	at org.testng.internal.MethodInvocationHelper.invokeMethod(MethodInvocationHelper.java:104)
	at org.testng.internal.Invoker.invokeMethod(Invoker.java:645)
	at org.testng.internal.Invoker.invokeTestMethod(Invoker.java:851)
	at org.testng.internal.Invoker.invokeTestMethods(Invoker.java:1177)
	at org.testng.internal.TestMethodWorker.invokeTestMethods(TestMethodWorker.java:129)
	at org.testng.internal.TestMethodWorker.run(TestMethodWorker.java:112)
	at org.testng.TestRunner.privateRun(TestRunner.java:756)
	at org.testng.TestRunner.run(TestRunner.java:610)
	at org.testng.SuiteRunner.runTest(SuiteRunner.java:387)
	at org.testng.SuiteRunner.access$000(SuiteRunner.java:39)
	at org.testng.SuiteRunner$SuiteWorker.run(SuiteRunner.java:421)
	at org.testng.internal.thread.ThreadUtil$2.call(ThreadUtil.java:64)
	at java.util.concurrent.FutureTask.run(FutureTask.java:266)
	at java.util.concurrent.ThreadPoolExecutor.runWorker(ThreadPoolExecutor.java:1142)
	at java.util.concurrent.ThreadPoolExecutor$Worker.run(ThreadPoolExecutor.java:617)
	at java.lang.Thread.run(Thread.java:745)
]]>
    </error>
  </testcase> <!-- UITest -->
  <testcase name="UITest" time="0.005" classname="com.selenium.Test.UIMainscript"/>
  <testcase name="UITest" time="0.004" classname="com.selenium.Test.UIMainscript"/>
  <testcase name="UITest" time="0.005" classname="com.selenium.Test.UIMainscript"/>
  <testcase name="UITest" time="0.009" classname="com.selenium.Test.UIMainscript"/>
  <testcase name="UITest" time="0.010" classname="com.selenium.Test.UIMainscript"/>
  <testcase name="UITest" time="0.006" classname="com.selenium.Test.UIMainscript"/>
  <testcase name="UITest" time="0.003" classname="com.selenium.Test.UIMainscript"/>
  <testcase name="UITest" time="0.004" classname="com.selenium.Test.UIMainscript"/>
  <testcase name="UITest" time="0.009" classname="com.selenium.Test.UIMainscript"/>
  <testcase name="UITest" time="0.014" classname="com.selenium.Test.UIMainscript"/>
  <testcase name="UITest" time="0.005" classname="com.selenium.Test.UIMainscript"/>
  <testcase name="UITest" time="0.004" classname="com.selenium.Test.UIMainscript"/>
  <testcase name="UITest" time="0.005" classname="com.selenium.Test.UIMainscript"/>
  <testcase name="UITest" time="0.004" classname="com.selenium.Test.UIMainscript"/>
  <testcase name="UITest" time="0.007" classname="com.selenium.Test.UIMainscript"/>
  <testcase name="UITest" time="0.004" classname="com.selenium.Test.UIMainscript"/>
  <testcase name="UITest" time="0.009" classname="com.selenium.Test.UIMainscript"/>
  <testcase name="UITest" time="0.003" classname="com.selenium.Test.UIMainscript"/>
  <testcase name="UITest" time="0.004" classname="com.selenium.Test.UIMainscript"/>
  <testcase name="UITest" time="0.004" classname="com.selenium.Test.UIMainscript"/>
  <testcase name="UITest" time="0.006" classname="com.selenium.Test.UIMainscript"/>
  <testcase name="UITest" time="0.006" classname="com.selenium.Test.UIMainscript"/>
  <testcase name="UITest" time="0.004" classname="com.selenium.Test.UIMainscript"/>
  <testcase name="UITest" time="0.003" classname="com.selenium.Test.UIMainscript"/>
  <testcase name="UITest" time="0.005" classname="com.selenium.Test.UIMainscript"/>
  <testcase name="UITest" time="0.004" classname="com.selenium.Test.UIMainscript"/>
  <testcase name="UITest" time="0.003" classname="com.selenium.Test.UIMainscript"/>
  <testcase name="UITest" time="0.003" classname="com.selenium.Test.UIMainscript"/>
  <testcase name="UITest" time="0.006" classname="com.selenium.Test.UIMainscript"/>
  <testcase name="UITest" time="0.004" classname="com.selenium.Test.UIMainscript"/>
  <testcase name="UITest" time="0.005" classname="com.selenium.Test.UIMainscript"/>
  <testcase name="UITest" time="0.004" classname="com.selenium.Test.UIMainscript"/>
  <testcase name="UITest" time="0.006" classname="com.selenium.Test.UIMainscript"/>
  <testcase name="UITest" time="0.004" classname="com.selenium.Test.UIMainscript"/>
  <testcase name="UITest" time="0.004" classname="com.selenium.Test.UIMainscript"/>
  <testcase name="UITest" time="0.005" classname="com.selenium.Test.UIMainscript"/>
  <testcase name="UITest" time="0.004" classname="com.selenium.Test.UIMainscript"/>
  <testcase name="UITest" time="0.006" classname="com.selenium.Test.UIMainscript"/>
  <testcase name="UITest" time="0.004" classname="com.selenium.Test.UIMainscript"/>
  <testcase name="UITest" time="0.004" classname="com.selenium.Test.UIMainscript"/>
  <testcase name="UITest" time="0.005" classname="com.selenium.Test.UIMainscript"/>
  <testcase name="UITest" time="0.004" classname="com.selenium.Test.UIMainscript"/>
  <testcase name="UITest" time="0.005" classname="com.selenium.Test.UIMainscript"/>
  <testcase name="UITest" time="0.004" classname="com.selenium.Test.UIMainscript"/>
  <testcase name="UITest" time="0.003" classname="com.selenium.Test.UIMainscript"/>
  <testcase name="UITest" time="0.007" classname="com.selenium.Test.UIMainscript"/>
  <testcase name="UITest" time="0.003" classname="com.selenium.Test.UIMainscript"/>
  <testcase name="UITest" time="0.003" classname="com.selenium.Test.UIMainscript"/>
  <testcase name="UITest" time="0.004" classname="com.selenium.Test.UIMainscript"/>
  <testcase name="UITest" time="0.004" classname="com.selenium.Test.UIMainscript"/>
  <testcase name="UITest" time="0.007" classname="com.selenium.Test.UIMainscript"/>
  <testcase name="UITest" time="0.003" classname="com.selenium.Test.UIMainscript"/>
  <testcase name="UITest" time="0.005" classname="com.selenium.Test.UIMainscript"/>
  <testcase name="UITest" time="0.008" classname="com.selenium.Test.UIMainscript"/>
  <testcase name="UITest" time="0.012" classname="com.selenium.Test.UIMainscript"/>
  <testcase name="UITest" time="0.005" classname="com.selenium.Test.UIMainscript"/>
  <testcase name="UITest" time="0.003" classname="com.selenium.Test.UIMainscript"/>
  <testcase name="UITest" time="0.011" classname="com.selenium.Test.UIMainscript"/>
  <testcase name="UITest" time="0.005" classname="com.selenium.Test.UIMainscript"/>
  <testcase name="UITest" time="0.005" classname="com.selenium.Test.UIMainscript"/>
  <testcase name="UITest" time="0.003" classname="com.selenium.Test.UIMainscript"/>
  <testcase name="UITest" time="0.005" classname="com.selenium.Test.UIMainscript"/>
  <testcase name="UITest" time="0.004" classname="com.selenium.Test.UIMainscript"/>
  <testcase name="UITest" time="0.003" classname="com.selenium.Test.UIMainscript"/>
  <testcase name="UITest" time="0.007" classname="com.selenium.Test.UIMainscript"/>
  <testcase name="UITest" time="0.004" classname="com.selenium.Test.UIMainscript"/>
  <testcase name="UITest" time="0.004" classname="com.selenium.Test.UIMainscript"/>
  <testcase name="UITest" time="0.006" classname="com.selenium.Test.UIMainscript"/>
  <testcase name="UITest" time="0.007" classname="com.selenium.Test.UIMainscript"/>
  <testcase name="UITest" time="0.010" classname="com.selenium.Test.UIMainscript"/>
  <testcase name="UITest" time="0.005" classname="com.selenium.Test.UIMainscript"/>
  <testcase name="UITest" time="0.004" classname="com.selenium.Test.UIMainscript"/>
  <testcase name="UITest" time="0.004" classname="com.selenium.Test.UIMainscript"/>
  <testcase name="UITest" time="0.005" classname="com.selenium.Test.UIMainscript"/>
  <testcase name="UITest" time="0.005" classname="com.selenium.Test.UIMainscript"/>
  <testcase name="UITest" time="0.004" classname="com.selenium.Test.UIMainscript"/>
  <testcase name="UITest" time="0.005" classname="com.selenium.Test.UIMainscript"/>
  <testcase name="UITest" time="0.006" classname="com.selenium.Test.UIMainscript"/>
  <testcase name="UITest" time="0.016" classname="com.selenium.Test.UIMainscript"/>
  <testcase name="UITest" time="0.007" classname="com.selenium.Test.UIMainscript"/>
  <testcase name="UITest" time="0.004" classname="com.selenium.Test.UIMainscript"/>
  <testcase name="UITest" time="0.008" classname="com.selenium.Test.UIMainscript"/>
  <testcase name="UITest" time="0.005" classname="com.selenium.Test.UIMainscript"/>
  <testcase name="UITest" time="0.006" classname="com.selenium.Test.UIMainscript"/>
  <testcase name="UITest" time="0.003" classname="com.selenium.Test.UIMainscript"/>
  <testcase name="UITest" time="0.004" classname="com.selenium.Test.UIMainscript"/>
  <testcase name="UITest" time="0.008" classname="com.selenium.Test.UIMainscript"/>
  <testcase name="UITest" time="0.004" classname="com.selenium.Test.UIMainscript"/>
  <testcase name="UITest" time="0.016" classname="com.selenium.Test.UIMainscript"/>
  <testcase name="UITest" time="0.010" classname="com.selenium.Test.UIMainscript"/>
  <testcase name="UITest" time="0.003" classname="com.selenium.Test.UIMainscript"/>
  <testcase name="UITest" time="0.007" classname="com.selenium.Test.UIMainscript"/>
  <testcase name="UITest" time="0.003" classname="com.selenium.Test.UIMainscript"/>
  <testcase name="UITest" time="0.004" classname="com.selenium.Test.UIMainscript"/>
  <testcase name="UITest" time="0.004" classname="com.selenium.Test.UIMainscript"/>
  <testcase name="UITest" time="0.007" classname="com.selenium.Test.UIMainscript"/>
  <testcase name="UITest" time="0.003" classname="com.selenium.Test.UIMainscript"/>
  <testcase name="UITest" time="0.004" classname="com.selenium.Test.UIMainscript"/>
  <testcase name="UITest" time="0.004" classname="com.selenium.Test.UIMainscript"/>
  <testcase name="UITest" time="0.006" classname="com.selenium.Test.UIMainscript"/>
  <testcase name="UITest" time="0.009" classname="com.selenium.Test.UIMainscript"/>
  <testcase name="UITest" time="0.010" classname="com.selenium.Test.UIMainscript"/>
  <testcase name="UITest" time="0.006" classname="com.selenium.Test.UIMainscript"/>
  <testcase name="UITest" time="0.004" classname="com.selenium.Test.UIMainscript"/>
  <testcase name="UITest" time="0.005" classname="com.selenium.Test.UIMainscript"/>
  <testcase name="UITest" time="0.004" classname="com.selenium.Test.UIMainscript"/>
  <testcase name="UITest" time="0.006" classname="com.selenium.Test.UIMainscript"/>
  <testcase name="UITest" time="0.004" classname="com.selenium.Test.UIMainscript"/>
  <testcase name="UITest" time="0.006" classname="com.selenium.Test.UIMainscript"/>
  <testcase name="UITest" time="0.004" classname="com.selenium.Test.UIMainscript"/>
  <testcase name="UITest" time="0.005" classname="com.selenium.Test.UIMainscript"/>
  <testcase name="UITest" time="0.004" classname="com.selenium.Test.UIMainscript"/>
  <testcase name="UITest" time="0.003" classname="com.selenium.Test.UIMainscript"/>
  <testcase name="UITest" time="0.004" classname="com.selenium.Test.UIMainscript"/>
  <testcase name="UITest" time="0.005" classname="com.selenium.Test.UIMainscript"/>
  <testcase name="UITest" time="0.005" classname="com.selenium.Test.UIMainscript"/>
  <testcase name="UITest" time="0.007" classname="com.selenium.Test.UIMainscript"/>
  <testcase name="UITest" time="0.003" classname="com.selenium.Test.UIMainscript"/>
  <testcase name="UITest" time="0.004" classname="com.selenium.Test.UIMainscript"/>
  <testcase name="UITest" time="0.008" classname="com.selenium.Test.UIMainscript"/>
  <testcase name="UITest" time="0.003" classname="com.selenium.Test.UIMainscript"/>
  <testcase name="UITest" time="0.006" classname="com.selenium.Test.UIMainscript"/>
  <testcase name="UITest" time="0.004" classname="com.selenium.Test.UIMainscript"/>
  <testcase name="UITest" time="0.003" classname="com.selenium.Test.UIMainscript"/>
  <testcase name="UITest" time="0.005" classname="com.selenium.Test.UIMainscript"/>
  <testcase name="UITest" time="0.007" classname="com.selenium.Test.UIMainscript"/>
  <testcase name="UITest" time="0.003" classname="com.selenium.Test.UIMainscript"/>
  <testcase name="UITest" time="0.003" classname="com.selenium.Test.UIMainscript"/>
  <testcase name="UITest" time="0.011" classname="com.selenium.Test.UIMainscript"/>
  <testcase name="UITest" time="0.005" classname="com.selenium.Test.UIMainscript"/>
  <testcase name="UITest" time="0.006" classname="com.selenium.Test.UIMainscript"/>
  <testcase name="UITest" time="0.007" classname="com.selenium.Test.UIMainscript"/>
  <testcase name="UITest" time="0.003" classname="com.selenium.Test.UIMainscript"/>
  <testcase name="UITest" time="0.007" classname="com.selenium.Test.UIMainscript"/>
  <testcase name="UITest" time="0.028" classname="com.selenium.Test.UIMainscript"/>
  <testcase name="UITest" time="0.005" classname="com.selenium.Test.UIMainscript"/>
  <testcase name="UITest" time="0.002" classname="com.selenium.Test.UIMainscript"/>
  <testcase name="UITest" time="0.008" classname="com.selenium.Test.UIMainscript"/>
  <testcase name="UITest" time="0.009" classname="com.selenium.Test.UIMainscript"/>
  <testcase name="UITest" time="0.007" classname="com.selenium.Test.UIMainscript"/>
  <testcase name="UITest" time="0.004" classname="com.selenium.Test.UIMainscript"/>
  <testcase name="UITest" time="0.005" classname="com.selenium.Test.UIMainscript"/>
  <testcase name="UITest" time="0.004" classname="com.selenium.Test.UIMainscript"/>
  <testcase name="UITest" time="0.005" classname="com.selenium.Test.UIMainscript"/>
  <testcase name="UITest" time="0.003" classname="com.selenium.Test.UIMainscript"/>
  <testcase name="UITest" time="0.005" classname="com.selenium.Test.UIMainscript"/>
  <testcase name="UITest" time="0.005" classname="com.selenium.Test.UIMainscript"/>
  <testcase name="UITest" time="0.004" classname="com.selenium.Test.UIMainscript"/>
  <testcase name="UITest" time="0.005" classname="com.selenium.Test.UIMainscript"/>
  <testcase name="UITest" time="0.007" classname="com.selenium.Test.UIMainscript"/>
  <testcase name="UITest" time="0.004" classname="com.selenium.Test.UIMainscript"/>
  <testcase name="UITest" time="0.004" classname="com.selenium.Test.UIMainscript"/>
  <testcase name="UITest" time="0.004" classname="com.selenium.Test.UIMainscript"/>
  <testcase name="UITest" time="0.005" classname="com.selenium.Test.UIMainscript"/>
</testsuite> <!-- com.selenium.Test.UIMainscript -->
