<?xml version="1.0" encoding="UTF-8"?>
<!-- Generated by org.testng.reporters.JUnitReportReporter -->
<testsuite name="CucumberRunnerClass.RunCucumber" tests="3" time="0.002" ignored="0" failures="0" timestamp="18 Jan 2018 07:05:27 GMT" skipped="2" hostname="C1128" errors="1">
  <testcase name="Test" time="0.002" classname="CucumberRunnerClass.RunCucumber">
    <skipped/>
  </testcase> <!-- Test -->
  <testcase name="feature" time="0.000" classname="CucumberRunnerClass.RunCucumber">
    <skipped/>
  </testcase> <!-- feature -->
  <testcase name="setUpClass" time="0.000" classname="CucumberRunnerClass.RunCucumber">
    <error type="cucumber.runtime.CucumberException" message="Failed to instantiate public cucumber.runtime.java.JavaBackend(cucumber.runtime.io.ResourceLoader) with [cucumber.runtime.io.MultiLoader@1442d7b5]">
      <![CDATA[cucumber.runtime.CucumberException: Failed to instantiate public cucumber.runtime.java.JavaBackend(cucumber.runtime.io.ResourceLoader) with [cucumber.runtime.io.MultiLoader@1442d7b5]
	at cucumber.runtime.Reflections.newInstance(Reflections.java:44)
	at cucumber.runtime.Reflections.instantiateSubclasses(Reflections.java:30)
	at cucumber.runtime.Runtime.loadBackends(Runtime.java:97)
	at cucumber.runtime.Runtime.<init>(Runtime.java:64)
	at cucumber.api.testng.TestNGCucumberRunner.<init>(TestNGCucumberRunner.java:42)
	at cucumber.api.testng.AbstractTestNGCucumberTests.setUpClass(AbstractTestNGCucumberTests.java:16)
	at sun.reflect.NativeMethodAccessorImpl.invoke0(Native Method)
	at sun.reflect.NativeMethodAccessorImpl.invoke(NativeMethodAccessorImpl.java:62)
	at sun.reflect.DelegatingMethodAccessorImpl.invoke(DelegatingMethodAccessorImpl.java:43)
	at java.lang.reflect.Method.invoke(Method.java:497)
	at org.testng.internal.MethodInvocationHelper.invokeMethod(MethodInvocationHelper.java:104)
	at org.testng.internal.Invoker.invokeConfigurationMethod(Invoker.java:515)
	at org.testng.internal.Invoker.invokeConfigurations(Invoker.java:217)
	at org.testng.internal.Invoker.invokeConfigurations(Invoker.java:144)
	at org.testng.internal.TestMethodWorker.invokeBeforeClassMethods(TestMethodWorker.java:169)
	at org.testng.internal.TestMethodWorker.run(TestMethodWorker.java:108)
	at org.testng.TestRunner.privateRun(TestRunner.java:756)
	at org.testng.TestRunner.run(TestRunner.java:610)
	at org.testng.SuiteRunner.runTest(SuiteRunner.java:387)
	at org.testng.SuiteRunner.runSequentially(SuiteRunner.java:382)
	at org.testng.SuiteRunner.privateRun(SuiteRunner.java:340)
	at org.testng.SuiteRunner.run(SuiteRunner.java:289)
	at org.testng.SuiteRunnerWorker.runSuite(SuiteRunnerWorker.java:52)
	at org.testng.SuiteRunnerWorker.run(SuiteRunnerWorker.java:86)
	at org.testng.TestNG.runSuitesSequentially(TestNG.java:1293)
	at org.testng.TestNG.runSuitesLocally(TestNG.java:1218)
	at org.testng.TestNG.runSuites(TestNG.java:1133)
	at org.testng.TestNG.run(TestNG.java:1104)
	at org.testng.remote.AbstractRemoteTestNG.run(AbstractRemoteTestNG.java:132)
	at org.testng.remote.RemoteTestNG.initAndRun(RemoteTestNG.java:236)
	at org.testng.remote.RemoteTestNG.main(RemoteTestNG.java:81)
Caused by: java.lang.reflect.InvocationTargetException
	at sun.reflect.NativeConstructorAccessorImpl.newInstance0(Native Method)
	at sun.reflect.NativeConstructorAccessorImpl.newInstance(NativeConstructorAccessorImpl.java:62)
	at sun.reflect.DelegatingConstructorAccessorImpl.newInstance(DelegatingConstructorAccessorImpl.java:45)
	at java.lang.reflect.Constructor.newInstance(Constructor.java:422)
	at cucumber.runtime.Reflections.newInstance(Reflections.java:41)
	... 30 more
Caused by: java.lang.NoSuchMethodError: cucumber.runtime.io.ClasspathResourceLoader.getAnnotations(Ljava/lang/String;)Ljava/util/Collection;
	at cucumber.runtime.java.ClasspathMethodScanner.findCucumberAnnotationClasses(ClasspathMethodScanner.java:75)
	at cucumber.runtime.java.ClasspathMethodScanner.<init>(ClasspathMethodScanner.java:23)
	at cucumber.runtime.java.JavaBackend.<init>(JavaBackend.java:30)
	... 35 more
]]>
    </error>
  </testcase> <!-- setUpClass -->
</testsuite> <!-- CucumberRunnerClass.RunCucumber -->
