<?xml version="1.0" encoding="UTF-8"?>
<!-- Generated by org.testng.reporters.JUnitReportReporter -->
<testsuite name="KeywordDrivenFramework.KeywordDrivenFramework.testSequential" tests="9" time="0.016" ignored="0" failures="0" timestamp="15 Dec 2017 11:22:48 GMT" skipped="0" hostname="C1128" errors="0">
  <testcase name="Testcase2" time="0.002" classname="KeywordDrivenFramework.KeywordDrivenFramework.testSequential"/>
  <testcase name="Testcase3" time="0.003" classname="KeywordDrivenFramework.KeywordDrivenFramework.testSequential"/>
  <testcase name="Testcase2" time="0.000" classname="KeywordDrivenFramework.KeywordDrivenFramework.testSequential"/>
  <testcase name="Testcase1" time="0.007" classname="KeywordDrivenFramework.KeywordDrivenFramework.testSequential"/>
  <testcase name="Testcase2" time="0.001" classname="KeywordDrivenFramework.KeywordDrivenFramework.testSequential"/>
  <testcase name="Testcase3" time="0.001" classname="KeywordDrivenFramework.KeywordDrivenFramework.testSequential"/>
  <testcase name="Testcase3" time="0.000" classname="KeywordDrivenFramework.KeywordDrivenFramework.testSequential"/>
  <testcase name="Testcase1" time="0.002" classname="KeywordDrivenFramework.KeywordDrivenFramework.testSequential"/>
  <testcase name="Testcase1" time="0.000" classname="KeywordDrivenFramework.KeywordDrivenFramework.testSequential"/>
</testsuite> <!-- KeywordDrivenFramework.KeywordDrivenFramework.testSequential -->
