<?xml version="1.0" encoding="UTF-8"?>
<!-- Generated by org.testng.reporters.JUnitReportReporter -->
<testsuite name="KeywordDrivenFramework.UIMainscript" tests="190" time="134.296" ignored="0" failures="0" timestamp="13 Sep 2017 07:01:24 GMT" skipped="0" hostname="C1128" errors="0">
  <testcase name="UITest" time="0.003" classname="KeywordDrivenFramework.UIMainscript"/>
  <testcase name="UITest" time="0.003" classname="KeywordDrivenFramework.UIMainscript"/>
  <testcase name="UITest" time="0.006" classname="KeywordDrivenFramework.UIMainscript"/>
  <testcase name="UITest" time="0.005" classname="KeywordDrivenFramework.UIMainscript"/>
  <testcase name="UITest" time="0.003" classname="KeywordDrivenFramework.UIMainscript"/>
  <testcase name="UITest" time="0.003" classname="KeywordDrivenFramework.UIMainscript"/>
  <testcase name="UITest" time="0.004" classname="KeywordDrivenFramework.UIMainscript"/>
  <testcase name="UITest" time="0.003" classname="KeywordDrivenFramework.UIMainscript"/>
  <testcase name="UITest" time="0.002" classname="KeywordDrivenFramework.UIMainscript"/>
  <testcase name="UITest" time="0.003" classname="KeywordDrivenFramework.UIMainscript"/>
  <testcase name="UITest" time="0.005" classname="KeywordDrivenFramework.UIMainscript"/>
  <testcase name="UITest" time="0.003" classname="KeywordDrivenFramework.UIMainscript"/>
  <testcase name="UITest" time="0.002" classname="KeywordDrivenFramework.UIMainscript"/>
  <testcase name="UITest" time="0.003" classname="KeywordDrivenFramework.UIMainscript"/>
  <testcase name="UITest" time="0.003" classname="KeywordDrivenFramework.UIMainscript"/>
  <testcase name="UITest" time="0.009" classname="KeywordDrivenFramework.UIMainscript"/>
  <testcase name="UITest" time="0.005" classname="KeywordDrivenFramework.UIMainscript"/>
  <testcase name="UITest" time="0.006" classname="KeywordDrivenFramework.UIMainscript"/>
  <testcase name="UITest" time="0.003" classname="KeywordDrivenFramework.UIMainscript"/>
  <testcase name="UITest" time="0.004" classname="KeywordDrivenFramework.UIMainscript"/>
  <testcase name="UITest" time="0.006" classname="KeywordDrivenFramework.UIMainscript"/>
  <testcase name="UITest" time="0.003" classname="KeywordDrivenFramework.UIMainscript"/>
  <testcase name="UITest" time="133.512" classname="KeywordDrivenFramework.UIMainscript"/>
  <testcase name="UITest" time="0.005" classname="KeywordDrivenFramework.UIMainscript"/>
  <testcase name="UITest" time="0.005" classname="KeywordDrivenFramework.UIMainscript"/>
  <testcase name="UITest" time="0.003" classname="KeywordDrivenFramework.UIMainscript"/>
  <testcase name="UITest" time="0.003" classname="KeywordDrivenFramework.UIMainscript"/>
  <testcase name="UITest" time="0.004" classname="KeywordDrivenFramework.UIMainscript"/>
  <testcase name="UITest" time="0.004" classname="KeywordDrivenFramework.UIMainscript"/>
  <testcase name="UITest" time="0.004" classname="KeywordDrivenFramework.UIMainscript"/>
  <testcase name="UITest" time="0.006" classname="KeywordDrivenFramework.UIMainscript"/>
  <testcase name="UITest" time="0.003" classname="KeywordDrivenFramework.UIMainscript"/>
  <testcase name="UITest" time="0.007" classname="KeywordDrivenFramework.UIMainscript"/>
  <testcase name="UITest" time="0.013" classname="KeywordDrivenFramework.UIMainscript"/>
  <testcase name="UITest" time="0.006" classname="KeywordDrivenFramework.UIMainscript"/>
  <testcase name="UITest" time="0.004" classname="KeywordDrivenFramework.UIMainscript"/>
  <testcase name="UITest" time="0.005" classname="KeywordDrivenFramework.UIMainscript"/>
  <testcase name="UITest" time="0.003" classname="KeywordDrivenFramework.UIMainscript"/>
  <testcase name="UITest" time="0.002" classname="KeywordDrivenFramework.UIMainscript"/>
  <testcase name="UITest" time="0.003" classname="KeywordDrivenFramework.UIMainscript"/>
  <testcase name="UITest" time="0.003" classname="KeywordDrivenFramework.UIMainscript"/>
  <testcase name="UITest" time="0.005" classname="KeywordDrivenFramework.UIMainscript"/>
  <testcase name="UITest" time="0.004" classname="KeywordDrivenFramework.UIMainscript"/>
  <testcase name="UITest" time="0.007" classname="KeywordDrivenFramework.UIMainscript"/>
  <testcase name="UITest" time="0.003" classname="KeywordDrivenFramework.UIMainscript"/>
  <testcase name="UITest" time="0.003" classname="KeywordDrivenFramework.UIMainscript"/>
  <testcase name="UITest" time="0.008" classname="KeywordDrivenFramework.UIMainscript"/>
  <testcase name="UITest" time="0.002" classname="KeywordDrivenFramework.UIMainscript"/>
  <testcase name="UITest" time="0.004" classname="KeywordDrivenFramework.UIMainscript"/>
  <testcase name="UITest" time="0.003" classname="KeywordDrivenFramework.UIMainscript"/>
  <testcase name="UITest" time="0.002" classname="KeywordDrivenFramework.UIMainscript"/>
  <testcase name="UITest" time="0.005" classname="KeywordDrivenFramework.UIMainscript"/>
  <testcase name="UITest" time="0.003" classname="KeywordDrivenFramework.UIMainscript"/>
  <testcase name="UITest" time="0.009" classname="KeywordDrivenFramework.UIMainscript"/>
  <testcase name="UITest" time="0.003" classname="KeywordDrivenFramework.UIMainscript"/>
  <testcase name="UITest" time="0.003" classname="KeywordDrivenFramework.UIMainscript"/>
  <testcase name="UITest" time="0.003" classname="KeywordDrivenFramework.UIMainscript"/>
  <testcase name="UITest" time="0.004" classname="KeywordDrivenFramework.UIMainscript"/>
  <testcase name="UITest" time="0.005" classname="KeywordDrivenFramework.UIMainscript"/>
  <testcase name="UITest" time="0.003" classname="KeywordDrivenFramework.UIMainscript"/>
  <testcase name="UITest" time="0.003" classname="KeywordDrivenFramework.UIMainscript"/>
  <testcase name="UITest" time="0.004" classname="KeywordDrivenFramework.UIMainscript"/>
  <testcase name="UITest" time="0.005" classname="KeywordDrivenFramework.UIMainscript"/>
  <testcase name="UITest" time="0.003" classname="KeywordDrivenFramework.UIMainscript"/>
  <testcase name="UITest" time="0.002" classname="KeywordDrivenFramework.UIMainscript"/>
  <testcase name="UITest" time="0.005" classname="KeywordDrivenFramework.UIMainscript"/>
  <testcase name="UITest" time="0.007" classname="KeywordDrivenFramework.UIMainscript"/>
  <testcase name="UITest" time="0.003" classname="KeywordDrivenFramework.UIMainscript"/>
  <testcase name="UITest" time="0.004" classname="KeywordDrivenFramework.UIMainscript"/>
  <testcase name="UITest" time="0.005" classname="KeywordDrivenFramework.UIMainscript"/>
  <testcase name="UITest" time="0.005" classname="KeywordDrivenFramework.UIMainscript"/>
  <testcase name="UITest" time="0.004" classname="KeywordDrivenFramework.UIMainscript"/>
  <testcase name="UITest" time="0.005" classname="KeywordDrivenFramework.UIMainscript"/>
  <testcase name="UITest" time="0.002" classname="KeywordDrivenFramework.UIMainscript"/>
  <testcase name="UITest" time="0.013" classname="KeywordDrivenFramework.UIMainscript"/>
  <testcase name="UITest" time="0.003" classname="KeywordDrivenFramework.UIMainscript"/>
  <testcase name="UITest" time="0.002" classname="KeywordDrivenFramework.UIMainscript"/>
  <testcase name="UITest" time="0.003" classname="KeywordDrivenFramework.UIMainscript"/>
  <testcase name="UITest" time="0.003" classname="KeywordDrivenFramework.UIMainscript"/>
  <testcase name="UITest" time="0.004" classname="KeywordDrivenFramework.UIMainscript"/>
  <testcase name="UITest" time="0.003" classname="KeywordDrivenFramework.UIMainscript"/>
  <testcase name="UITest" time="0.004" classname="KeywordDrivenFramework.UIMainscript"/>
  <testcase name="UITest" time="0.003" classname="KeywordDrivenFramework.UIMainscript"/>
  <testcase name="UITest" time="0.003" classname="KeywordDrivenFramework.UIMainscript"/>
  <testcase name="UITest" time="0.005" classname="KeywordDrivenFramework.UIMainscript"/>
  <testcase name="UITest" time="0.005" classname="KeywordDrivenFramework.UIMainscript"/>
  <testcase name="UITest" time="0.004" classname="KeywordDrivenFramework.UIMainscript"/>
  <testcase name="UITest" time="0.002" classname="KeywordDrivenFramework.UIMainscript"/>
  <testcase name="UITest" time="0.015" classname="KeywordDrivenFramework.UIMainscript"/>
  <testcase name="UITest" time="0.003" classname="KeywordDrivenFramework.UIMainscript"/>
  <testcase name="UITest" time="0.006" classname="KeywordDrivenFramework.UIMainscript"/>
  <testcase name="UITest" time="0.003" classname="KeywordDrivenFramework.UIMainscript"/>
  <testcase name="UITest" time="0.009" classname="KeywordDrivenFramework.UIMainscript"/>
  <testcase name="UITest" time="0.003" classname="KeywordDrivenFramework.UIMainscript"/>
  <testcase name="UITest" time="0.005" classname="KeywordDrivenFramework.UIMainscript"/>
  <testcase name="UITest" time="0.003" classname="KeywordDrivenFramework.UIMainscript"/>
  <testcase name="UITest" time="0.006" classname="KeywordDrivenFramework.UIMainscript"/>
  <testcase name="UITest" time="0.004" classname="KeywordDrivenFramework.UIMainscript"/>
  <testcase name="UITest" time="0.008" classname="KeywordDrivenFramework.UIMainscript"/>
  <testcase name="UITest" time="0.004" classname="KeywordDrivenFramework.UIMainscript"/>
  <testcase name="UITest" time="0.003" classname="KeywordDrivenFramework.UIMainscript"/>
  <testcase name="UITest" time="0.003" classname="KeywordDrivenFramework.UIMainscript"/>
  <testcase name="UITest" time="0.004" classname="KeywordDrivenFramework.UIMainscript"/>
  <testcase name="UITest" time="0.003" classname="KeywordDrivenFramework.UIMainscript"/>
  <testcase name="UITest" time="0.003" classname="KeywordDrivenFramework.UIMainscript"/>
  <testcase name="UITest" time="0.004" classname="KeywordDrivenFramework.UIMainscript"/>
  <testcase name="UITest" time="0.004" classname="KeywordDrivenFramework.UIMainscript"/>
  <testcase name="UITest" time="0.004" classname="KeywordDrivenFramework.UIMainscript"/>
  <testcase name="UITest" time="0.011" classname="KeywordDrivenFramework.UIMainscript"/>
  <testcase name="UITest" time="0.003" classname="KeywordDrivenFramework.UIMainscript"/>
  <testcase name="UITest" time="0.003" classname="KeywordDrivenFramework.UIMainscript"/>
  <testcase name="UITest" time="0.004" classname="KeywordDrivenFramework.UIMainscript"/>
  <testcase name="UITest" time="0.003" classname="KeywordDrivenFramework.UIMainscript"/>
  <testcase name="UITest" time="0.003" classname="KeywordDrivenFramework.UIMainscript"/>
  <testcase name="UITest" time="0.004" classname="KeywordDrivenFramework.UIMainscript"/>
  <testcase name="UITest" time="0.005" classname="KeywordDrivenFramework.UIMainscript"/>
  <testcase name="UITest" time="0.004" classname="KeywordDrivenFramework.UIMainscript"/>
  <testcase name="UITest" time="0.003" classname="KeywordDrivenFramework.UIMainscript"/>
  <testcase name="UITest" time="0.006" classname="KeywordDrivenFramework.UIMainscript"/>
  <testcase name="UITest" time="0.005" classname="KeywordDrivenFramework.UIMainscript"/>
  <testcase name="UITest" time="0.005" classname="KeywordDrivenFramework.UIMainscript"/>
  <testcase name="UITest" time="0.003" classname="KeywordDrivenFramework.UIMainscript"/>
  <testcase name="UITest" time="0.002" classname="KeywordDrivenFramework.UIMainscript"/>
  <testcase name="UITest" time="0.002" classname="KeywordDrivenFramework.UIMainscript"/>
  <testcase name="UITest" time="0.003" classname="KeywordDrivenFramework.UIMainscript"/>
  <testcase name="UITest" time="0.003" classname="KeywordDrivenFramework.UIMainscript"/>
  <testcase name="UITest" time="0.005" classname="KeywordDrivenFramework.UIMainscript"/>
  <testcase name="UITest" time="0.003" classname="KeywordDrivenFramework.UIMainscript"/>
  <testcase name="UITest" time="0.004" classname="KeywordDrivenFramework.UIMainscript"/>
  <testcase name="UITest" time="0.006" classname="KeywordDrivenFramework.UIMainscript"/>
  <testcase name="UITest" time="0.003" classname="KeywordDrivenFramework.UIMainscript"/>
  <testcase name="UITest" time="0.005" classname="KeywordDrivenFramework.UIMainscript"/>
  <testcase name="UITest" time="0.003" classname="KeywordDrivenFramework.UIMainscript"/>
  <testcase name="UITest" time="0.003" classname="KeywordDrivenFramework.UIMainscript"/>
  <testcase name="UITest" time="0.002" classname="KeywordDrivenFramework.UIMainscript"/>
  <testcase name="UITest" time="0.004" classname="KeywordDrivenFramework.UIMainscript"/>
  <testcase name="UITest" time="0.006" classname="KeywordDrivenFramework.UIMainscript"/>
  <testcase name="UITest" time="0.004" classname="KeywordDrivenFramework.UIMainscript"/>
  <testcase name="UITest" time="0.009" classname="KeywordDrivenFramework.UIMainscript"/>
  <testcase name="UITest" time="0.004" classname="KeywordDrivenFramework.UIMainscript"/>
  <testcase name="UITest" time="0.002" classname="KeywordDrivenFramework.UIMainscript"/>
  <testcase name="UITest" time="0.003" classname="KeywordDrivenFramework.UIMainscript"/>
  <testcase name="UITest" time="0.005" classname="KeywordDrivenFramework.UIMainscript"/>
  <testcase name="UITest" time="0.002" classname="KeywordDrivenFramework.UIMainscript"/>
  <testcase name="UITest" time="0.004" classname="KeywordDrivenFramework.UIMainscript"/>
  <testcase name="UITest" time="0.005" classname="KeywordDrivenFramework.UIMainscript"/>
  <testcase name="UITest" time="0.004" classname="KeywordDrivenFramework.UIMainscript"/>
  <testcase name="UITest" time="0.004" classname="KeywordDrivenFramework.UIMainscript"/>
  <testcase name="UITest" time="0.007" classname="KeywordDrivenFramework.UIMainscript"/>
  <testcase name="UITest" time="0.005" classname="KeywordDrivenFramework.UIMainscript"/>
  <testcase name="UITest" time="0.004" classname="KeywordDrivenFramework.UIMainscript"/>
  <testcase name="UITest" time="0.005" classname="KeywordDrivenFramework.UIMainscript"/>
  <testcase name="UITest" time="0.003" classname="KeywordDrivenFramework.UIMainscript"/>
  <testcase name="UITest" time="0.002" classname="KeywordDrivenFramework.UIMainscript"/>
  <testcase name="UITest" time="0.004" classname="KeywordDrivenFramework.UIMainscript"/>
  <testcase name="UITest" time="0.005" classname="KeywordDrivenFramework.UIMainscript"/>
  <testcase name="UITest" time="0.004" classname="KeywordDrivenFramework.UIMainscript"/>
  <testcase name="UITest" time="0.003" classname="KeywordDrivenFramework.UIMainscript"/>
  <testcase name="UITest" time="0.004" classname="KeywordDrivenFramework.UIMainscript"/>
  <testcase name="UITest" time="0.004" classname="KeywordDrivenFramework.UIMainscript"/>
  <testcase name="UITest" time="0.004" classname="KeywordDrivenFramework.UIMainscript"/>
  <testcase name="UITest" time="0.003" classname="KeywordDrivenFramework.UIMainscript"/>
  <testcase name="UITest" time="0.006" classname="KeywordDrivenFramework.UIMainscript"/>
  <testcase name="UITest" time="0.004" classname="KeywordDrivenFramework.UIMainscript"/>
  <testcase name="UITest" time="0.006" classname="KeywordDrivenFramework.UIMainscript"/>
  <testcase name="UITest" time="0.003" classname="KeywordDrivenFramework.UIMainscript"/>
  <testcase name="UITest" time="0.004" classname="KeywordDrivenFramework.UIMainscript"/>
  <testcase name="UITest" time="0.002" classname="KeywordDrivenFramework.UIMainscript"/>
  <testcase name="UITest" time="0.002" classname="KeywordDrivenFramework.UIMainscript"/>
  <testcase name="UITest" time="0.003" classname="KeywordDrivenFramework.UIMainscript"/>
  <testcase name="UITest" time="0.004" classname="KeywordDrivenFramework.UIMainscript"/>
  <testcase name="UITest" time="0.004" classname="KeywordDrivenFramework.UIMainscript"/>
  <testcase name="UITest" time="0.004" classname="KeywordDrivenFramework.UIMainscript"/>
  <testcase name="UITest" time="0.005" classname="KeywordDrivenFramework.UIMainscript"/>
  <testcase name="UITest" time="0.002" classname="KeywordDrivenFramework.UIMainscript"/>
  <testcase name="UITest" time="0.002" classname="KeywordDrivenFramework.UIMainscript"/>
  <testcase name="UITest" time="0.002" classname="KeywordDrivenFramework.UIMainscript"/>
  <testcase name="UITest" time="0.003" classname="KeywordDrivenFramework.UIMainscript"/>
  <testcase name="UITest" time="0.003" classname="KeywordDrivenFramework.UIMainscript"/>
  <testcase name="UITest" time="0.002" classname="KeywordDrivenFramework.UIMainscript"/>
  <testcase name="UITest" time="0.004" classname="KeywordDrivenFramework.UIMainscript"/>
  <testcase name="UITest" time="0.003" classname="KeywordDrivenFramework.UIMainscript"/>
  <testcase name="UITest" time="0.005" classname="KeywordDrivenFramework.UIMainscript"/>
  <testcase name="UITest" time="0.010" classname="KeywordDrivenFramework.UIMainscript"/>
  <testcase name="UITest" time="0.003" classname="KeywordDrivenFramework.UIMainscript"/>
  <testcase name="UITest" time="0.004" classname="KeywordDrivenFramework.UIMainscript"/>
  <testcase name="UITest" time="0.004" classname="KeywordDrivenFramework.UIMainscript"/>
  <testcase name="UITest" time="0.004" classname="KeywordDrivenFramework.UIMainscript"/>
  <testcase name="UITest" time="0.003" classname="KeywordDrivenFramework.UIMainscript"/>
  <testcase name="UITest" time="0.004" classname="KeywordDrivenFramework.UIMainscript"/>
</testsuite> <!-- KeywordDrivenFramework.UIMainscript -->
