<?xml version="1.0" encoding="UTF-8"?>
<!-- Generated by org.testng.reporters.JUnitReportReporter -->
<testsuite name="selenide.LoginSelenide" tests="1" time="10.384" ignored="0" failures="0" timestamp="31 Jan 2018 04:24:06 GMT" skipped="0" hostname="C1128" errors="0">
  <testcase name="login" time="10.384" classname="selenide.LoginSelenide"/>
</testsuite> <!-- selenide.LoginSelenide -->
